#
# There is insufficient memory for the Java Runtime Environment to continue.
# Native memory allocation (mmap) failed to map 53477376 bytes for Failed to commit area from 0x0000000715200000 to 0x0000000718500000 of length 53477376.
# Possible reasons:
#   The system is out of physical RAM or swap space
#   The process is running with CompressedOops enabled, and the Java Heap may be blocking the growth of the native heap
# Possible solutions:
#   Reduce memory load on the system
#   Increase physical memory or swap space
#   Check if swap backing store is full
#   Decrease Java heap size (-Xmx/-Xms)
#   Decrease number of Java threads
#   Decrease Java thread stack sizes (-Xss)
#   Set larger code cache with -XX:ReservedCodeCacheSize=
#   JVM is running with Zero Based Compressed Oops mode in which the Java heap is
#     placed in the first 32GB address space. The Java Heap base address is the
#     maximum limit for the native heap growth. Please use -XX:HeapBaseMinAddress
#     to set the Java Heap base and to place the Java Heap above 32GB virtual address.
# This output file may be truncated or incomplete.
#
#  Out of Memory Error (./open/src/hotspot/os/windows/os_windows.cpp:3276), pid=29912, tid=22324
#
# JRE version: Java(TM) SE Runtime Environment 18.9 (11.0.13+10) (build 11.0.13+10-LTS-370)
# Java VM: Java HotSpot(TM) 64-Bit Server VM 18.9 (11.0.13+10-LTS-370, mixed mode, tiered, compressed oops, g1 gc, windows-amd64)
# No core dump will be written. Minidumps are not enabled by default on client versions of Windows
#

---------------  S U M M A R Y ------------

Command Line: D:\IGS\apache-jmeter-5.4.3\bin\ApacheJMeter.jar

Host: 11th Gen Intel(R) Core(TM) i5-1135G7 @ 2.40GHz, 8 cores, 15G,  Windows 10 , 64 bit Build 19041 (10.0.19041.1889)
Time: Thu Aug 18 15:59:59 2022 India Standard Time elapsed time: 3.815316 seconds (0d 0h 0m 3s)

---------------  T H R E A D  ---------------

Current thread (0x00000209828e5000):  VMThread "VM Thread" [stack: 0x0000005b89700000,0x0000005b89800000] [id=22324]

Stack: [0x0000005b89700000,0x0000005b89800000]
[error occurred during error reporting (printing stack bounds), id 0xc0000005, EXCEPTION_ACCESS_VIOLATION (0xc0000005) at pc=0x00000209e6a410e7]

Native frames: (J=compiled Java code, j=interpreted, Vv=VM code, C=native code)
V  [jvm.dll+0x62870a]
V  [jvm.dll+0x761f2f]
V  [jvm.dll+0x7635d9]
V  [jvm.dll+0x763bc5]
V  [jvm.dll+0x763b7b]
V  [jvm.dll+0x627c53]
V  [jvm.dll+0x628308]
C  [ntdll.dll+0xa229f]
C  [ntdll.dll+0x51454]
C  [ntdll.dll+0xa0dce]
C  0x00000209e6a410e7

VM_Operation (0x0000005b891fa7d0): CollectForMetadataAllocation, mode: safepoint, requested by thread 0x00000209df49d800


---------------  P R O C E S S  ---------------

Threads class SMR info:
_java_thread_list=0x0000020985452ba0, length=16, elements={
0x00000209df49d800, 0x0000020982909800, 0x0000020982914000, 0x0000020982971800,
0x0000020982972800, 0x0000020982976000, 0x0000020982922000, 0x0000020982923000,
0x0000020982982000, 0x0000020982b2e800, 0x0000020983462800, 0x0000020984078000,
0x0000020983c49800, 0x0000020983c4a000, 0x0000020983fd1800, 0x0000020983da9800
}

Java Threads: ( => current thread )
  0x00000209df49d800 JavaThread "main" [_thread_blocked, id=17164, stack(0x0000005b89100000,0x0000005b89200000)]
  0x0000020982909800 JavaThread "Reference Handler" daemon [_thread_blocked, id=8840, stack(0x0000005b89800000,0x0000005b89900000)]
  0x0000020982914000 JavaThread "Finalizer" daemon [_thread_blocked, id=21096, stack(0x0000005b89900000,0x0000005b89a00000)]
  0x0000020982971800 JavaThread "Signal Dispatcher" daemon [_thread_blocked, id=16604, stack(0x0000005b89a00000,0x0000005b89b00000)]
  0x0000020982972800 JavaThread "Attach Listener" daemon [_thread_blocked, id=13856, stack(0x0000005b89b00000,0x0000005b89c00000)]
  0x0000020982976000 JavaThread "Service Thread" daemon [_thread_blocked, id=13896, stack(0x0000005b89c00000,0x0000005b89d00000)]
  0x0000020982922000 JavaThread "C2 CompilerThread0" daemon [_thread_blocked, id=29612, stack(0x0000005b89d00000,0x0000005b89e00000)]
  0x0000020982923000 JavaThread "C1 CompilerThread0" daemon [_thread_blocked, id=30568, stack(0x0000005b89e00000,0x0000005b89f00000)]
  0x0000020982982000 JavaThread "Sweeper thread" daemon [_thread_blocked, id=7344, stack(0x0000005b89f00000,0x0000005b8a000000)]
  0x0000020982b2e800 JavaThread "Common-Cleaner" daemon [_thread_blocked, id=29004, stack(0x0000005b8a100000,0x0000005b8a200000)]
  0x0000020983462800 JavaThread "C2 CompilerThread1" daemon [_thread_blocked, id=19164, stack(0x0000005b8a200000,0x0000005b8a300000)]
  0x0000020984078000 JavaThread "Java2D Disposer" daemon [_thread_blocked, id=15228, stack(0x0000005b8a900000,0x0000005b8aa00000)]
  0x0000020983c49800 JavaThread "AWT-Shutdown" [_thread_blocked, id=13800, stack(0x0000005b8aa00000,0x0000005b8ab00000)]
  0x0000020983c4a000 JavaThread "AWT-Windows" daemon [_thread_in_native, id=30908, stack(0x0000005b8ab00000,0x0000005b8ac00000)]
  0x0000020983fd1800 JavaThread "AWT-EventQueue-0" [_thread_blocked, id=26884, stack(0x0000005b8ad00000,0x0000005b8ae00000)]
  0x0000020983da9800 JavaThread "Image Fetcher 0" daemon [_thread_blocked, id=22720, stack(0x0000005b8ae00000,0x0000005b8af00000)]

Other Threads:
=>0x00000209828e5000 VMThread "VM Thread" [stack: 0x0000005b89700000,0x0000005b89800000] [id=22324]
  0x0000020982b27000 WatcherThread [stack: 0x0000005b8a000000,0x0000005b8a100000] [id=17460]
  0x00000209df4b5000 GCTaskThread "GC Thread#0" [stack: 0x0000005b89200000,0x0000005b89300000] [id=25116]
  0x0000020983309000 GCTaskThread "GC Thread#1" [stack: 0x0000005b8a400000,0x0000005b8a500000] [id=16940]
  0x000002098362d800 GCTaskThread "GC Thread#2" [stack: 0x0000005b8a500000,0x0000005b8a600000] [id=21360]
  0x00000209836c1800 GCTaskThread "GC Thread#3" [stack: 0x0000005b8a600000,0x0000005b8a700000] [id=16064]
  0x00000209836c2000 GCTaskThread "GC Thread#4" [stack: 0x0000005b8a700000,0x0000005b8a800000] [id=16052]
  0x00000209834ca800 GCTaskThread "GC Thread#5" [stack: 0x0000005b8a800000,0x0000005b8a900000] [id=18232]
  0x00000209ff3a2000 ConcurrentGCThread "G1 Main Marker" [stack: 0x0000005b89300000,0x0000005b89400000] [id=6048]
  0x00000209ff3a3000 ConcurrentGCThread "G1 Conc#0" [stack: 0x0000005b89400000,0x0000005b89500000] [id=25768]
  0x00000209835f5800 ConcurrentGCThread "G1 Conc#1" [stack: 0x0000005b8ac00000,0x0000005b8ad00000] [id=17176]
  0x00000209ff4c5000 ConcurrentGCThread "G1 Refine#0" [stack: 0x0000005b89500000,0x0000005b89600000] [id=19368]
  0x00000209ff4c6000 ConcurrentGCThread "G1 Young RemSet Sampling" [stack: 0x0000005b89600000,0x0000005b89700000] [id=19700]

Threads with active compile tasks:

VM state:at safepoint (normal execution)

VM Mutex/Monitor currently owned by a thread:  ([mutex/lock_event])
[0x00000209df499e70] Threads_lock - owner thread: 0x00000209828e5000
[0x00000209df49ada0] Heap_lock - owner thread: 0x00000209df49d800

Heap address: 0x0000000705600000, size: 4010 MB, Compressed Oops mode: Zero based, Oop shift amount: 3
Narrow klass base: 0x0000000800000000, Narrow klass shift: 0
Compressed class space size: 1073741824 Address: 0x0000000800000000

Heap:
 garbage-first heap   total 310272K, used 20554K [0x0000000705600000, 0x0000000800000000)
  region size 1024K, 10 young (10240K), 10 survivors (10240K)
 Metaspace       used 59273K, capacity 60023K, committed 60160K, reserved 1101824K
  class space    used 7658K, capacity 7975K, committed 8064K, reserved 1048576K
Heap Regions: E=young(eden), S=young(survivor), O=old, HS=humongous(starts), HC=humongous(continues), CS=collection set, F=free, A=archive, TAMS=top-at-mark-start (previous, next)
|   0|0x0000000705600000, 0x0000000705700000, 0x0000000705700000|100%|HS|  |TAMS 0x0000000705700000, 0x0000000705700000| Complete 
|   1|0x0000000705700000, 0x0000000705800000, 0x0000000705800000|100%|HC|  |TAMS 0x0000000705800000, 0x0000000705800000| Complete 
|   2|0x0000000705800000, 0x0000000705900000, 0x0000000705900000|100%| O|  |TAMS 0x0000000705900000, 0x0000000705900000| Untracked 
|   3|0x0000000705900000, 0x0000000705a00000, 0x0000000705a00000|100%| O|  |TAMS 0x0000000705a00000, 0x0000000705a00000| Untracked 
|   4|0x0000000705a00000, 0x0000000705b00000, 0x0000000705b00000|100%| O|  |TAMS 0x0000000705b00000, 0x0000000705b00000| Untracked 
|   5|0x0000000705b00000, 0x0000000705c00000, 0x0000000705c00000|100%| O|  |TAMS 0x0000000705c00000, 0x0000000705c00000| Untracked 
|   6|0x0000000705c00000, 0x0000000705d00000, 0x0000000705d00000|100%|HS|  |TAMS 0x0000000705d00000, 0x0000000705d00000| Complete 
|   7|0x0000000705d00000, 0x0000000705e00000, 0x0000000705e00000|100%|HS|  |TAMS 0x0000000705e00000, 0x0000000705e00000| Complete 
|   8|0x0000000705e00000, 0x0000000705f00000, 0x0000000705f00000|100%| O|  |TAMS 0x0000000705f00000, 0x0000000705f00000| Untracked 
|   9|0x0000000705f00000, 0x0000000706000000, 0x0000000706000000|100%| O|  |TAMS 0x0000000706000000, 0x0000000706000000| Untracked 
|  10|0x0000000706000000, 0x00000007060d2200, 0x0000000706100000| 82%| O|  |TAMS 0x00000007060d2200, 0x00000007060d2200| Untracked 
|  11|0x0000000706100000, 0x0000000706100000, 0x0000000706200000|  0%| F|  |TAMS 0x0000000706100000, 0x0000000706100000| Untracked 
|  12|0x0000000706200000, 0x0000000706200000, 0x0000000706300000|  0%| F|  |TAMS 0x0000000706200000, 0x0000000706200000| Untracked 
|  13|0x0000000706300000, 0x0000000706300000, 0x0000000706400000|  0%| F|  |TAMS 0x0000000706300000, 0x0000000706300000| Untracked 
|  14|0x0000000706400000, 0x0000000706400000, 0x0000000706500000|  0%| F|  |TAMS 0x0000000706400000, 0x0000000706400000| Untracked 
|  15|0x0000000706500000, 0x0000000706500000, 0x0000000706600000|  0%| F|  |TAMS 0x0000000706500000, 0x0000000706500000| Untracked 
|  16|0x0000000706600000, 0x0000000706600000, 0x0000000706700000|  0%| F|  |TAMS 0x0000000706600000, 0x0000000706600000| Untracked 
|  17|0x0000000706700000, 0x0000000706700000, 0x0000000706800000|  0%| F|  |TAMS 0x0000000706700000, 0x0000000706700000| Untracked 
|  18|0x0000000706800000, 0x0000000706800000, 0x0000000706900000|  0%| F|  |TAMS 0x0000000706800000, 0x0000000706800000| Untracked 
|  19|0x0000000706900000, 0x0000000706900000, 0x0000000706a00000|  0%| F|  |TAMS 0x0000000706900000, 0x0000000706900000| Untracked 
|  20|0x0000000706a00000, 0x0000000706a00000, 0x0000000706b00000|  0%| F|  |TAMS 0x0000000706a00000, 0x0000000706a00000| Untracked 
|  21|0x0000000706b00000, 0x0000000706b00000, 0x0000000706c00000|  0%| F|  |TAMS 0x0000000706b00000, 0x0000000706b00000| Untracked 
|  22|0x0000000706c00000, 0x0000000706c00000, 0x0000000706d00000|  0%| F|  |TAMS 0x0000000706c00000, 0x0000000706c00000| Untracked 
|  23|0x0000000706d00000, 0x0000000706d00000, 0x0000000706e00000|  0%| F|  |TAMS 0x0000000706d00000, 0x0000000706d00000| Untracked 
|  24|0x0000000706e00000, 0x0000000706e00000, 0x0000000706f00000|  0%| F|  |TAMS 0x0000000706e00000, 0x0000000706e00000| Untracked 
|  25|0x0000000706f00000, 0x0000000706f00000, 0x0000000707000000|  0%| F|  |TAMS 0x0000000706f00000, 0x0000000706f00000| Untracked 
|  26|0x0000000707000000, 0x0000000707000000, 0x0000000707100000|  0%| F|  |TAMS 0x0000000707000000, 0x0000000707000000| Untracked 
|  27|0x0000000707100000, 0x0000000707100000, 0x0000000707200000|  0%| F|  |TAMS 0x0000000707100000, 0x0000000707100000| Untracked 
|  28|0x0000000707200000, 0x0000000707200000, 0x0000000707300000|  0%| F|  |TAMS 0x0000000707200000, 0x0000000707200000| Untracked 
|  29|0x0000000707300000, 0x0000000707300000, 0x0000000707400000|  0%| F|  |TAMS 0x0000000707300000, 0x0000000707300000| Untracked 
|  30|0x0000000707400000, 0x0000000707400000, 0x0000000707500000|  0%| F|  |TAMS 0x0000000707400000, 0x0000000707400000| Untracked 
|  31|0x0000000707500000, 0x0000000707500000, 0x0000000707600000|  0%| F|  |TAMS 0x0000000707500000, 0x0000000707500000| Untracked 
|  32|0x0000000707600000, 0x0000000707600000, 0x0000000707700000|  0%| F|  |TAMS 0x0000000707600000, 0x0000000707600000| Untracked 
|  33|0x0000000707700000, 0x0000000707700000, 0x0000000707800000|  0%| F|  |TAMS 0x0000000707700000, 0x0000000707700000| Untracked 
|  34|0x0000000707800000, 0x0000000707800000, 0x0000000707900000|  0%| F|  |TAMS 0x0000000707800000, 0x0000000707800000| Untracked 
|  35|0x0000000707900000, 0x0000000707900000, 0x0000000707a00000|  0%| F|  |TAMS 0x0000000707900000, 0x0000000707900000| Untracked 
|  36|0x0000000707a00000, 0x0000000707a00000, 0x0000000707b00000|  0%| F|  |TAMS 0x0000000707a00000, 0x0000000707a00000| Untracked 
|  37|0x0000000707b00000, 0x0000000707b00000, 0x0000000707c00000|  0%| F|  |TAMS 0x0000000707b00000, 0x0000000707b00000| Untracked 
|  38|0x0000000707c00000, 0x0000000707c00000, 0x0000000707d00000|  0%| F|  |TAMS 0x0000000707c00000, 0x0000000707c00000| Untracked 
|  39|0x0000000707d00000, 0x0000000707d00000, 0x0000000707e00000|  0%| F|  |TAMS 0x0000000707d00000, 0x0000000707d00000| Untracked 
|  40|0x0000000707e00000, 0x0000000707e00000, 0x0000000707f00000|  0%| F|  |TAMS 0x0000000707e00000, 0x0000000707e00000| Untracked 
|  41|0x0000000707f00000, 0x0000000707f00000, 0x0000000708000000|  0%| F|  |TAMS 0x0000000707f00000, 0x0000000707f00000| Untracked 
|  42|0x0000000708000000, 0x0000000708000000, 0x0000000708100000|  0%| F|  |TAMS 0x0000000708000000, 0x0000000708000000| Untracked 
|  43|0x0000000708100000, 0x0000000708100000, 0x0000000708200000|  0%| F|  |TAMS 0x0000000708100000, 0x0000000708100000| Untracked 
|  44|0x0000000708200000, 0x0000000708200000, 0x0000000708300000|  0%| F|  |TAMS 0x0000000708200000, 0x0000000708200000| Untracked 
|  45|0x0000000708300000, 0x0000000708300000, 0x0000000708400000|  0%| F|  |TAMS 0x0000000708300000, 0x0000000708300000| Untracked 
|  46|0x0000000708400000, 0x0000000708400000, 0x0000000708500000|  0%| F|  |TAMS 0x0000000708400000, 0x0000000708400000| Untracked 
|  47|0x0000000708500000, 0x0000000708500000, 0x0000000708600000|  0%| F|  |TAMS 0x0000000708500000, 0x0000000708500000| Untracked 
|  48|0x0000000708600000, 0x0000000708600000, 0x0000000708700000|  0%| F|  |TAMS 0x0000000708600000, 0x0000000708600000| Untracked 
|  49|0x0000000708700000, 0x0000000708700000, 0x0000000708800000|  0%| F|  |TAMS 0x0000000708700000, 0x0000000708700000| Untracked 
|  50|0x0000000708800000, 0x0000000708800000, 0x0000000708900000|  0%| F|  |TAMS 0x0000000708800000, 0x0000000708800000| Untracked 
|  51|0x0000000708900000, 0x0000000708900000, 0x0000000708a00000|  0%| F|  |TAMS 0x0000000708900000, 0x0000000708900000| Untracked 
|  52|0x0000000708a00000, 0x0000000708a00000, 0x0000000708b00000|  0%| F|  |TAMS 0x0000000708a00000, 0x0000000708a00000| Untracked 
|  53|0x0000000708b00000, 0x0000000708b00000, 0x0000000708c00000|  0%| F|  |TAMS 0x0000000708b00000, 0x0000000708b00000| Untracked 
|  54|0x0000000708c00000, 0x0000000708c00000, 0x0000000708d00000|  0%| F|  |TAMS 0x0000000708c00000, 0x0000000708c00000| Untracked 
|  55|0x0000000708d00000, 0x0000000708d00000, 0x0000000708e00000|  0%| F|  |TAMS 0x0000000708d00000, 0x0000000708d00000| Untracked 
|  56|0x0000000708e00000, 0x0000000708e00000, 0x0000000708f00000|  0%| F|  |TAMS 0x0000000708e00000, 0x0000000708e00000| Untracked 
|  57|0x0000000708f00000, 0x0000000708f00000, 0x0000000709000000|  0%| F|  |TAMS 0x0000000708f00000, 0x0000000708f00000| Untracked 
|  58|0x0000000709000000, 0x0000000709000000, 0x0000000709100000|  0%| F|  |TAMS 0x0000000709000000, 0x0000000709000000| Untracked 
|  59|0x0000000709100000, 0x0000000709100000, 0x0000000709200000|  0%| F|  |TAMS 0x0000000709100000, 0x0000000709100000| Untracked 
|  60|0x0000000709200000, 0x0000000709200000, 0x0000000709300000|  0%| F|  |TAMS 0x0000000709200000, 0x0000000709200000| Untracked 
|  61|0x0000000709300000, 0x0000000709300000, 0x0000000709400000|  0%| F|  |TAMS 0x0000000709300000, 0x0000000709300000| Untracked 
|  62|0x0000000709400000, 0x0000000709400000, 0x0000000709500000|  0%| F|  |TAMS 0x0000000709400000, 0x0000000709400000| Untracked 
|  63|0x0000000709500000, 0x0000000709500000, 0x0000000709600000|  0%| F|  |TAMS 0x0000000709500000, 0x0000000709500000| Untracked 
|  64|0x0000000709600000, 0x0000000709600000, 0x0000000709700000|  0%| F|  |TAMS 0x0000000709600000, 0x0000000709600000| Untracked 
|  65|0x0000000709700000, 0x0000000709700000, 0x0000000709800000|  0%| F|  |TAMS 0x0000000709700000, 0x0000000709700000| Untracked 
|  66|0x0000000709800000, 0x0000000709800000, 0x0000000709900000|  0%| F|  |TAMS 0x0000000709800000, 0x0000000709800000| Untracked 
|  67|0x0000000709900000, 0x0000000709900000, 0x0000000709a00000|  0%| F|  |TAMS 0x0000000709900000, 0x0000000709900000| Untracked 
|  68|0x0000000709a00000, 0x0000000709a00000, 0x0000000709b00000|  0%| F|  |TAMS 0x0000000709a00000, 0x0000000709a00000| Untracked 
|  69|0x0000000709b00000, 0x0000000709b00000, 0x0000000709c00000|  0%| F|  |TAMS 0x0000000709b00000, 0x0000000709b00000| Untracked 
|  70|0x0000000709c00000, 0x0000000709c00000, 0x0000000709d00000|  0%| F|  |TAMS 0x0000000709c00000, 0x0000000709c00000| Untracked 
|  71|0x0000000709d00000, 0x0000000709d00000, 0x0000000709e00000|  0%| F|  |TAMS 0x0000000709d00000, 0x0000000709d00000| Untracked 
|  72|0x0000000709e00000, 0x0000000709e00000, 0x0000000709f00000|  0%| F|  |TAMS 0x0000000709e00000, 0x0000000709e00000| Untracked 
|  73|0x0000000709f00000, 0x0000000709f00000, 0x000000070a000000|  0%| F|  |TAMS 0x0000000709f00000, 0x0000000709f00000| Untracked 
|  74|0x000000070a000000, 0x000000070a000000, 0x000000070a100000|  0%| F|  |TAMS 0x000000070a000000, 0x000000070a000000| Untracked 
|  75|0x000000070a100000, 0x000000070a100000, 0x000000070a200000|  0%| F|  |TAMS 0x000000070a100000, 0x000000070a100000| Untracked 
|  76|0x000000070a200000, 0x000000070a200000, 0x000000070a300000|  0%| F|  |TAMS 0x000000070a200000, 0x000000070a200000| Untracked 
|  77|0x000000070a300000, 0x000000070a300000, 0x000000070a400000|  0%| F|  |TAMS 0x000000070a300000, 0x000000070a300000| Untracked 
|  78|0x000000070a400000, 0x000000070a400000, 0x000000070a500000|  0%| F|  |TAMS 0x000000070a400000, 0x000000070a400000| Untracked 
|  79|0x000000070a500000, 0x000000070a500000, 0x000000070a600000|  0%| F|  |TAMS 0x000000070a500000, 0x000000070a500000| Untracked 
|  80|0x000000070a600000, 0x000000070a600000, 0x000000070a700000|  0%| F|  |TAMS 0x000000070a600000, 0x000000070a600000| Untracked 
|  81|0x000000070a700000, 0x000000070a700000, 0x000000070a800000|  0%| F|  |TAMS 0x000000070a700000, 0x000000070a700000| Untracked 
|  82|0x000000070a800000, 0x000000070a800000, 0x000000070a900000|  0%| F|  |TAMS 0x000000070a800000, 0x000000070a800000| Untracked 
|  83|0x000000070a900000, 0x000000070a900000, 0x000000070aa00000|  0%| F|  |TAMS 0x000000070a900000, 0x000000070a900000| Untracked 
|  84|0x000000070aa00000, 0x000000070aa00000, 0x000000070ab00000|  0%| F|  |TAMS 0x000000070aa00000, 0x000000070aa00000| Untracked 
|  85|0x000000070ab00000, 0x000000070ab00000, 0x000000070ac00000|  0%| F|  |TAMS 0x000000070ab00000, 0x000000070ab00000| Untracked 
|  86|0x000000070ac00000, 0x000000070ac00000, 0x000000070ad00000|  0%| F|  |TAMS 0x000000070ac00000, 0x000000070ac00000| Untracked 
|  87|0x000000070ad00000, 0x000000070ad00000, 0x000000070ae00000|  0%| F|  |TAMS 0x000000070ad00000, 0x000000070ad00000| Untracked 
|  88|0x000000070ae00000, 0x000000070ae00000, 0x000000070af00000|  0%| F|  |TAMS 0x000000070ae00000, 0x000000070ae00000| Untracked 
|  89|0x000000070af00000, 0x000000070af00000, 0x000000070b000000|  0%| F|  |TAMS 0x000000070af00000, 0x000000070af00000| Untracked 
|  90|0x000000070b000000, 0x000000070b000000, 0x000000070b100000|  0%| F|  |TAMS 0x000000070b000000, 0x000000070b000000| Untracked 
|  91|0x000000070b100000, 0x000000070b100000, 0x000000070b200000|  0%| F|  |TAMS 0x000000070b100000, 0x000000070b100000| Untracked 
|  92|0x000000070b200000, 0x000000070b200000, 0x000000070b300000|  0%| F|  |TAMS 0x000000070b200000, 0x000000070b200000| Untracked 
|  93|0x000000070b300000, 0x000000070b300000, 0x000000070b400000|  0%| F|  |TAMS 0x000000070b300000, 0x000000070b300000| Untracked 
|  94|0x000000070b400000, 0x000000070b400000, 0x000000070b500000|  0%| F|  |TAMS 0x000000070b400000, 0x000000070b400000| Untracked 
|  95|0x000000070b500000, 0x000000070b500000, 0x000000070b600000|  0%| F|  |TAMS 0x000000070b500000, 0x000000070b500000| Untracked 
|  96|0x000000070b600000, 0x000000070b600000, 0x000000070b700000|  0%| F|  |TAMS 0x000000070b600000, 0x000000070b600000| Untracked 
|  97|0x000000070b700000, 0x000000070b700000, 0x000000070b800000|  0%| F|  |TAMS 0x000000070b700000, 0x000000070b700000| Untracked 
|  98|0x000000070b800000, 0x000000070b800000, 0x000000070b900000|  0%| F|  |TAMS 0x000000070b800000, 0x000000070b800000| Untracked 
|  99|0x000000070b900000, 0x000000070b900000, 0x000000070ba00000|  0%| F|  |TAMS 0x000000070b900000, 0x000000070b900000| Untracked 
| 100|0x000000070ba00000, 0x000000070ba00000, 0x000000070bb00000|  0%| F|  |TAMS 0x000000070ba00000, 0x000000070ba00000| Untracked 
| 101|0x000000070bb00000, 0x000000070bb00000, 0x000000070bc00000|  0%| F|  |TAMS 0x000000070bb00000, 0x000000070bb00000| Untracked 
| 102|0x000000070bc00000, 0x000000070bc00000, 0x000000070bd00000|  0%| F|  |TAMS 0x000000070bc00000, 0x000000070bc00000| Untracked 
| 103|0x000000070bd00000, 0x000000070bd00000, 0x000000070be00000|  0%| F|  |TAMS 0x000000070bd00000, 0x000000070bd00000| Untracked 
| 104|0x000000070be00000, 0x000000070be00000, 0x000000070bf00000|  0%| F|  |TAMS 0x000000070be00000, 0x000000070be00000| Untracked 
| 105|0x000000070bf00000, 0x000000070bf00000, 0x000000070c000000|  0%| F|  |TAMS 0x000000070bf00000, 0x000000070bf00000| Untracked 
| 106|0x000000070c000000, 0x000000070c000000, 0x000000070c100000|  0%| F|  |TAMS 0x000000070c000000, 0x000000070c000000| Untracked 
| 107|0x000000070c100000, 0x000000070c100000, 0x000000070c200000|  0%| F|  |TAMS 0x000000070c100000, 0x000000070c100000| Untracked 
| 108|0x000000070c200000, 0x000000070c200000, 0x000000070c300000|  0%| F|  |TAMS 0x000000070c200000, 0x000000070c200000| Untracked 
| 109|0x000000070c300000, 0x000000070c300000, 0x000000070c400000|  0%| F|  |TAMS 0x000000070c300000, 0x000000070c300000| Untracked 
| 110|0x000000070c400000, 0x000000070c400000, 0x000000070c500000|  0%| F|  |TAMS 0x000000070c400000, 0x000000070c400000| Untracked 
| 111|0x000000070c500000, 0x000000070c500000, 0x000000070c600000|  0%| F|  |TAMS 0x000000070c500000, 0x000000070c500000| Untracked 
| 112|0x000000070c600000, 0x000000070c600000, 0x000000070c700000|  0%| F|  |TAMS 0x000000070c600000, 0x000000070c600000| Untracked 
| 113|0x000000070c700000, 0x000000070c700000, 0x000000070c800000|  0%| F|  |TAMS 0x000000070c700000, 0x000000070c700000| Untracked 
| 114|0x000000070c800000, 0x000000070c800000, 0x000000070c900000|  0%| F|  |TAMS 0x000000070c800000, 0x000000070c800000| Untracked 
| 115|0x000000070c900000, 0x000000070c900000, 0x000000070ca00000|  0%| F|  |TAMS 0x000000070c900000, 0x000000070c900000| Untracked 
| 116|0x000000070ca00000, 0x000000070ca00000, 0x000000070cb00000|  0%| F|  |TAMS 0x000000070ca00000, 0x000000070ca00000| Untracked 
| 117|0x000000070cb00000, 0x000000070cb00000, 0x000000070cc00000|  0%| F|  |TAMS 0x000000070cb00000, 0x000000070cb00000| Untracked 
| 118|0x000000070cc00000, 0x000000070cc00000, 0x000000070cd00000|  0%| F|  |TAMS 0x000000070cc00000, 0x000000070cc00000| Untracked 
| 119|0x000000070cd00000, 0x000000070cd00000, 0x000000070ce00000|  0%| F|  |TAMS 0x000000070cd00000, 0x000000070cd00000| Untracked 
| 120|0x000000070ce00000, 0x000000070ce00000, 0x000000070cf00000|  0%| F|  |TAMS 0x000000070ce00000, 0x000000070ce00000| Untracked 
| 121|0x000000070cf00000, 0x000000070cf00000, 0x000000070d000000|  0%| F|  |TAMS 0x000000070cf00000, 0x000000070cf00000| Untracked 
| 122|0x000000070d000000, 0x000000070d000000, 0x000000070d100000|  0%| F|  |TAMS 0x000000070d000000, 0x000000070d000000| Untracked 
| 123|0x000000070d100000, 0x000000070d100000, 0x000000070d200000|  0%| F|  |TAMS 0x000000070d100000, 0x000000070d100000| Untracked 
| 124|0x000000070d200000, 0x000000070d200000, 0x000000070d300000|  0%| F|  |TAMS 0x000000070d200000, 0x000000070d200000| Untracked 
| 125|0x000000070d300000, 0x000000070d300000, 0x000000070d400000|  0%| F|  |TAMS 0x000000070d300000, 0x000000070d300000| Untracked 
| 126|0x000000070d400000, 0x000000070d400000, 0x000000070d500000|  0%| F|  |TAMS 0x000000070d400000, 0x000000070d400000| Untracked 
| 127|0x000000070d500000, 0x000000070d500000, 0x000000070d600000|  0%| F|  |TAMS 0x000000070d500000, 0x000000070d500000| Untracked 
| 128|0x000000070d600000, 0x000000070d600000, 0x000000070d700000|  0%| F|  |TAMS 0x000000070d600000, 0x000000070d600000| Untracked 
| 129|0x000000070d700000, 0x000000070d700000, 0x000000070d800000|  0%| F|  |TAMS 0x000000070d700000, 0x000000070d700000| Untracked 
| 130|0x000000070d800000, 0x000000070d800000, 0x000000070d900000|  0%| F|  |TAMS 0x000000070d800000, 0x000000070d800000| Untracked 
| 131|0x000000070d900000, 0x000000070d900000, 0x000000070da00000|  0%| F|  |TAMS 0x000000070d900000, 0x000000070d900000| Untracked 
| 132|0x000000070da00000, 0x000000070da00000, 0x000000070db00000|  0%| F|  |TAMS 0x000000070da00000, 0x000000070da00000| Untracked 
| 133|0x000000070db00000, 0x000000070db00000, 0x000000070dc00000|  0%| F|  |TAMS 0x000000070db00000, 0x000000070db00000| Untracked 
| 134|0x000000070dc00000, 0x000000070dc00000, 0x000000070dd00000|  0%| F|  |TAMS 0x000000070dc00000, 0x000000070dc00000| Untracked 
| 135|0x000000070dd00000, 0x000000070dd00000, 0x000000070de00000|  0%| F|  |TAMS 0x000000070dd00000, 0x000000070dd00000| Untracked 
| 136|0x000000070de00000, 0x000000070de00000, 0x000000070df00000|  0%| F|  |TAMS 0x000000070de00000, 0x000000070de00000| Untracked 
| 137|0x000000070df00000, 0x000000070df00000, 0x000000070e000000|  0%| F|  |TAMS 0x000000070df00000, 0x000000070df00000| Untracked 
| 138|0x000000070e000000, 0x000000070e000000, 0x000000070e100000|  0%| F|  |TAMS 0x000000070e000000, 0x000000070e000000| Untracked 
| 139|0x000000070e100000, 0x000000070e100000, 0x000000070e200000|  0%| F|  |TAMS 0x000000070e100000, 0x000000070e100000| Untracked 
| 140|0x000000070e200000, 0x000000070e200000, 0x000000070e300000|  0%| F|  |TAMS 0x000000070e200000, 0x000000070e200000| Untracked 
| 141|0x000000070e300000, 0x000000070e300000, 0x000000070e400000|  0%| F|  |TAMS 0x000000070e300000, 0x000000070e300000| Untracked 
| 142|0x000000070e400000, 0x000000070e400000, 0x000000070e500000|  0%| F|  |TAMS 0x000000070e400000, 0x000000070e400000| Untracked 
| 143|0x000000070e500000, 0x000000070e500000, 0x000000070e600000|  0%| F|  |TAMS 0x000000070e500000, 0x000000070e500000| Untracked 
| 144|0x000000070e600000, 0x000000070e600000, 0x000000070e700000|  0%| F|  |TAMS 0x000000070e600000, 0x000000070e600000| Untracked 
| 145|0x000000070e700000, 0x000000070e700000, 0x000000070e800000|  0%| F|  |TAMS 0x000000070e700000, 0x000000070e700000| Untracked 
| 146|0x000000070e800000, 0x000000070e800000, 0x000000070e900000|  0%| F|  |TAMS 0x000000070e800000, 0x000000070e800000| Untracked 
| 147|0x000000070e900000, 0x000000070e900000, 0x000000070ea00000|  0%| F|  |TAMS 0x000000070e900000, 0x000000070e900000| Untracked 
| 148|0x000000070ea00000, 0x000000070ea00000, 0x000000070eb00000|  0%| F|  |TAMS 0x000000070ea00000, 0x000000070ea00000| Untracked 
| 149|0x000000070eb00000, 0x000000070eb00000, 0x000000070ec00000|  0%| F|  |TAMS 0x000000070eb00000, 0x000000070eb00000| Untracked 
| 150|0x000000070ec00000, 0x000000070ec00000, 0x000000070ed00000|  0%| F|  |TAMS 0x000000070ec00000, 0x000000070ec00000| Untracked 
| 151|0x000000070ed00000, 0x000000070ed00000, 0x000000070ee00000|  0%| F|  |TAMS 0x000000070ed00000, 0x000000070ed00000| Untracked 
| 152|0x000000070ee00000, 0x000000070ee00000, 0x000000070ef00000|  0%| F|  |TAMS 0x000000070ee00000, 0x000000070ee00000| Untracked 
| 153|0x000000070ef00000, 0x000000070ef00000, 0x000000070f000000|  0%| F|  |TAMS 0x000000070ef00000, 0x000000070ef00000| Untracked 
| 154|0x000000070f000000, 0x000000070f000000, 0x000000070f100000|  0%| F|  |TAMS 0x000000070f000000, 0x000000070f000000| Untracked 
| 155|0x000000070f100000, 0x000000070f100000, 0x000000070f200000|  0%| F|  |TAMS 0x000000070f100000, 0x000000070f100000| Untracked 
| 156|0x000000070f200000, 0x000000070f200000, 0x000000070f300000|  0%| F|  |TAMS 0x000000070f200000, 0x000000070f200000| Untracked 
| 157|0x000000070f300000, 0x000000070f300000, 0x000000070f400000|  0%| F|  |TAMS 0x000000070f300000, 0x000000070f300000| Untracked 
| 158|0x000000070f400000, 0x000000070f400000, 0x000000070f500000|  0%| F|  |TAMS 0x000000070f400000, 0x000000070f400000| Untracked 
| 159|0x000000070f500000, 0x000000070f500000, 0x000000070f600000|  0%| F|  |TAMS 0x000000070f500000, 0x000000070f500000| Untracked 
| 160|0x000000070f600000, 0x000000070f600000, 0x000000070f700000|  0%| F|  |TAMS 0x000000070f600000, 0x000000070f600000| Untracked 
| 161|0x000000070f700000, 0x000000070f700000, 0x000000070f800000|  0%| F|  |TAMS 0x000000070f700000, 0x000000070f700000| Untracked 
| 162|0x000000070f800000, 0x000000070f800000, 0x000000070f900000|  0%| F|  |TAMS 0x000000070f800000, 0x000000070f800000| Untracked 
| 163|0x000000070f900000, 0x000000070f900000, 0x000000070fa00000|  0%| F|  |TAMS 0x000000070f900000, 0x000000070f900000| Untracked 
| 164|0x000000070fa00000, 0x000000070fa00000, 0x000000070fb00000|  0%| F|  |TAMS 0x000000070fa00000, 0x000000070fa00000| Untracked 
| 165|0x000000070fb00000, 0x000000070fb00000, 0x000000070fc00000|  0%| F|  |TAMS 0x000000070fb00000, 0x000000070fb00000| Untracked 
| 166|0x000000070fc00000, 0x000000070fc00000, 0x000000070fd00000|  0%| F|  |TAMS 0x000000070fc00000, 0x000000070fc00000| Untracked 
| 167|0x000000070fd00000, 0x000000070fd00000, 0x000000070fe00000|  0%| F|  |TAMS 0x000000070fd00000, 0x000000070fd00000| Untracked 
| 168|0x000000070fe00000, 0x000000070fe00000, 0x000000070ff00000|  0%| F|  |TAMS 0x000000070fe00000, 0x000000070fe00000| Untracked 
| 169|0x000000070ff00000, 0x000000070ff00000, 0x0000000710000000|  0%| F|  |TAMS 0x000000070ff00000, 0x000000070ff00000| Untracked 
| 170|0x0000000710000000, 0x0000000710000000, 0x0000000710100000|  0%| F|  |TAMS 0x0000000710000000, 0x0000000710000000| Untracked 
| 171|0x0000000710100000, 0x0000000710100000, 0x0000000710200000|  0%| F|  |TAMS 0x0000000710100000, 0x0000000710100000| Untracked 
| 172|0x0000000710200000, 0x0000000710200000, 0x0000000710300000|  0%| F|  |TAMS 0x0000000710200000, 0x0000000710200000| Untracked 
| 173|0x0000000710300000, 0x0000000710300000, 0x0000000710400000|  0%| F|  |TAMS 0x0000000710300000, 0x0000000710300000| Untracked 
| 174|0x0000000710400000, 0x0000000710400000, 0x0000000710500000|  0%| F|  |TAMS 0x0000000710400000, 0x0000000710400000| Untracked 
| 175|0x0000000710500000, 0x0000000710500000, 0x0000000710600000|  0%| F|  |TAMS 0x0000000710500000, 0x0000000710500000| Untracked 
| 176|0x0000000710600000, 0x0000000710600000, 0x0000000710700000|  0%| F|  |TAMS 0x0000000710600000, 0x0000000710600000| Untracked 
| 177|0x0000000710700000, 0x0000000710700000, 0x0000000710800000|  0%| F|  |TAMS 0x0000000710700000, 0x0000000710700000| Untracked 
| 178|0x0000000710800000, 0x0000000710800000, 0x0000000710900000|  0%| F|  |TAMS 0x0000000710800000, 0x0000000710800000| Untracked 
| 179|0x0000000710900000, 0x0000000710900000, 0x0000000710a00000|  0%| F|  |TAMS 0x0000000710900000, 0x0000000710900000| Untracked 
| 180|0x0000000710a00000, 0x0000000710a00000, 0x0000000710b00000|  0%| F|  |TAMS 0x0000000710a00000, 0x0000000710a00000| Untracked 
| 181|0x0000000710b00000, 0x0000000710b00000, 0x0000000710c00000|  0%| F|  |TAMS 0x0000000710b00000, 0x0000000710b00000| Untracked 
| 182|0x0000000710c00000, 0x0000000710c00000, 0x0000000710d00000|  0%| F|  |TAMS 0x0000000710c00000, 0x0000000710c00000| Untracked 
| 183|0x0000000710d00000, 0x0000000710d00000, 0x0000000710e00000|  0%| F|  |TAMS 0x0000000710d00000, 0x0000000710d00000| Untracked 
| 184|0x0000000710e00000, 0x0000000710e00000, 0x0000000710f00000|  0%| F|  |TAMS 0x0000000710e00000, 0x0000000710e00000| Untracked 
| 185|0x0000000710f00000, 0x0000000710f00000, 0x0000000711000000|  0%| F|  |TAMS 0x0000000710f00000, 0x0000000710f00000| Untracked 
| 186|0x0000000711000000, 0x0000000711000000, 0x0000000711100000|  0%| F|  |TAMS 0x0000000711000000, 0x0000000711000000| Untracked 
| 187|0x0000000711100000, 0x0000000711100000, 0x0000000711200000|  0%| F|  |TAMS 0x0000000711100000, 0x0000000711100000| Untracked 
| 188|0x0000000711200000, 0x0000000711200000, 0x0000000711300000|  0%| F|  |TAMS 0x0000000711200000, 0x0000000711200000| Untracked 
| 189|0x0000000711300000, 0x00000007113406a8, 0x0000000711400000| 25%| S|CS|TAMS 0x0000000711300000, 0x0000000711300000| Complete 
| 190|0x0000000711400000, 0x0000000711500000, 0x0000000711500000|100%| S|CS|TAMS 0x0000000711400000, 0x0000000711400000| Complete 
| 191|0x0000000711500000, 0x0000000711600000, 0x0000000711600000|100%| S|CS|TAMS 0x0000000711500000, 0x0000000711500000| Complete 
| 192|0x0000000711600000, 0x0000000711700000, 0x0000000711700000|100%| S|CS|TAMS 0x0000000711600000, 0x0000000711600000| Complete 
| 193|0x0000000711700000, 0x0000000711800000, 0x0000000711800000|100%| S|CS|TAMS 0x0000000711700000, 0x0000000711700000| Complete 
| 194|0x0000000711800000, 0x0000000711900000, 0x0000000711900000|100%| S|CS|TAMS 0x0000000711800000, 0x0000000711800000| Complete 
| 195|0x0000000711900000, 0x0000000711a00000, 0x0000000711a00000|100%| S|CS|TAMS 0x0000000711900000, 0x0000000711900000| Complete 
| 196|0x0000000711a00000, 0x0000000711b00000, 0x0000000711b00000|100%| S|CS|TAMS 0x0000000711a00000, 0x0000000711a00000| Complete 
| 197|0x0000000711b00000, 0x0000000711c00000, 0x0000000711c00000|100%| S|CS|TAMS 0x0000000711b00000, 0x0000000711b00000| Complete 
| 198|0x0000000711c00000, 0x0000000711d00000, 0x0000000711d00000|100%| S|CS|TAMS 0x0000000711c00000, 0x0000000711c00000| Complete 
| 199|0x0000000711d00000, 0x0000000711d00000, 0x0000000711e00000|  0%| F|  |TAMS 0x0000000711d00000, 0x0000000711d00000| Untracked 
| 200|0x0000000711e00000, 0x0000000711e00000, 0x0000000711f00000|  0%| F|  |TAMS 0x0000000711e00000, 0x0000000711e00000| Untracked 
| 201|0x0000000711f00000, 0x0000000711f00000, 0x0000000712000000|  0%| F|  |TAMS 0x0000000711f00000, 0x0000000711f00000| Untracked 
| 202|0x0000000712000000, 0x0000000712000000, 0x0000000712100000|  0%| F|  |TAMS 0x0000000712000000, 0x0000000712000000| Untracked 
| 203|0x0000000712100000, 0x0000000712100000, 0x0000000712200000|  0%| F|  |TAMS 0x0000000712100000, 0x0000000712100000| Untracked 
| 204|0x0000000712200000, 0x0000000712200000, 0x0000000712300000|  0%| F|  |TAMS 0x0000000712200000, 0x0000000712200000| Untracked 
| 205|0x0000000712300000, 0x0000000712300000, 0x0000000712400000|  0%| F|  |TAMS 0x0000000712300000, 0x0000000712300000| Untracked 
| 206|0x0000000712400000, 0x0000000712400000, 0x0000000712500000|  0%| F|  |TAMS 0x0000000712400000, 0x0000000712400000| Untracked 
| 207|0x0000000712500000, 0x0000000712500000, 0x0000000712600000|  0%| F|  |TAMS 0x0000000712500000, 0x0000000712500000| Untracked 
| 208|0x0000000712600000, 0x0000000712600000, 0x0000000712700000|  0%| F|  |TAMS 0x0000000712600000, 0x0000000712600000| Untracked 
| 209|0x0000000712700000, 0x0000000712700000, 0x0000000712800000|  0%| F|  |TAMS 0x0000000712700000, 0x0000000712700000| Untracked 
| 210|0x0000000712800000, 0x0000000712800000, 0x0000000712900000|  0%| F|  |TAMS 0x0000000712800000, 0x0000000712800000| Untracked 
| 211|0x0000000712900000, 0x0000000712900000, 0x0000000712a00000|  0%| F|  |TAMS 0x0000000712900000, 0x0000000712900000| Untracked 
| 212|0x0000000712a00000, 0x0000000712a00000, 0x0000000712b00000|  0%| F|  |TAMS 0x0000000712a00000, 0x0000000712a00000| Untracked 
| 213|0x0000000712b00000, 0x0000000712b00000, 0x0000000712c00000|  0%| F|  |TAMS 0x0000000712b00000, 0x0000000712b00000| Untracked 
| 214|0x0000000712c00000, 0x0000000712c00000, 0x0000000712d00000|  0%| F|  |TAMS 0x0000000712c00000, 0x0000000712c00000| Untracked 
| 215|0x0000000712d00000, 0x0000000712d00000, 0x0000000712e00000|  0%| F|  |TAMS 0x0000000712d00000, 0x0000000712d00000| Untracked 
| 216|0x0000000712e00000, 0x0000000712e00000, 0x0000000712f00000|  0%| F|  |TAMS 0x0000000712e00000, 0x0000000712e00000| Untracked 
| 217|0x0000000712f00000, 0x0000000712f00000, 0x0000000713000000|  0%| F|  |TAMS 0x0000000712f00000, 0x0000000712f00000| Untracked 
| 218|0x0000000713000000, 0x0000000713000000, 0x0000000713100000|  0%| F|  |TAMS 0x0000000713000000, 0x0000000713000000| Untracked 
| 219|0x0000000713100000, 0x0000000713100000, 0x0000000713200000|  0%| F|  |TAMS 0x0000000713100000, 0x0000000713100000| Untracked 
| 220|0x0000000713200000, 0x0000000713200000, 0x0000000713300000|  0%| F|  |TAMS 0x0000000713200000, 0x0000000713200000| Untracked 
| 221|0x0000000713300000, 0x0000000713300000, 0x0000000713400000|  0%| F|  |TAMS 0x0000000713300000, 0x0000000713300000| Untracked 
| 222|0x0000000713400000, 0x0000000713400000, 0x0000000713500000|  0%| F|  |TAMS 0x0000000713400000, 0x0000000713400000| Untracked 
| 223|0x0000000713500000, 0x0000000713500000, 0x0000000713600000|  0%| F|  |TAMS 0x0000000713500000, 0x0000000713500000| Untracked 
| 224|0x0000000713600000, 0x0000000713600000, 0x0000000713700000|  0%| F|  |TAMS 0x0000000713600000, 0x0000000713600000| Untracked 
| 225|0x0000000713700000, 0x0000000713700000, 0x0000000713800000|  0%| F|  |TAMS 0x0000000713700000, 0x0000000713700000| Untracked 
| 226|0x0000000713800000, 0x0000000713800000, 0x0000000713900000|  0%| F|  |TAMS 0x0000000713800000, 0x0000000713800000| Untracked 
| 227|0x0000000713900000, 0x0000000713900000, 0x0000000713a00000|  0%| F|  |TAMS 0x0000000713900000, 0x0000000713900000| Untracked 
| 228|0x0000000713a00000, 0x0000000713a00000, 0x0000000713b00000|  0%| F|  |TAMS 0x0000000713a00000, 0x0000000713a00000| Untracked 
| 229|0x0000000713b00000, 0x0000000713b00000, 0x0000000713c00000|  0%| F|  |TAMS 0x0000000713b00000, 0x0000000713b00000| Untracked 
| 230|0x0000000713c00000, 0x0000000713c00000, 0x0000000713d00000|  0%| F|  |TAMS 0x0000000713c00000, 0x0000000713c00000| Untracked 
| 231|0x0000000713d00000, 0x0000000713d00000, 0x0000000713e00000|  0%| F|  |TAMS 0x0000000713d00000, 0x0000000713d00000| Untracked 
| 232|0x0000000713e00000, 0x0000000713e00000, 0x0000000713f00000|  0%| F|  |TAMS 0x0000000713e00000, 0x0000000713e00000| Untracked 
| 233|0x0000000713f00000, 0x0000000713f00000, 0x0000000714000000|  0%| F|  |TAMS 0x0000000713f00000, 0x0000000713f00000| Untracked 
| 234|0x0000000714000000, 0x0000000714000000, 0x0000000714100000|  0%| F|  |TAMS 0x0000000714000000, 0x0000000714000000| Untracked 
| 235|0x0000000714100000, 0x0000000714100000, 0x0000000714200000|  0%| F|  |TAMS 0x0000000714100000, 0x0000000714100000| Untracked 
| 236|0x0000000714200000, 0x0000000714200000, 0x0000000714300000|  0%| F|  |TAMS 0x0000000714200000, 0x0000000714200000| Untracked 
| 237|0x0000000714300000, 0x0000000714300000, 0x0000000714400000|  0%| F|  |TAMS 0x0000000714300000, 0x0000000714300000| Untracked 
| 238|0x0000000714400000, 0x0000000714400000, 0x0000000714500000|  0%| F|  |TAMS 0x0000000714400000, 0x0000000714400000| Untracked 
| 239|0x0000000714500000, 0x0000000714500000, 0x0000000714600000|  0%| F|  |TAMS 0x0000000714500000, 0x0000000714500000| Untracked 
| 240|0x0000000714600000, 0x0000000714600000, 0x0000000714700000|  0%| F|  |TAMS 0x0000000714600000, 0x0000000714600000| Untracked 
| 241|0x0000000714700000, 0x0000000714700000, 0x0000000714800000|  0%| F|  |TAMS 0x0000000714700000, 0x0000000714700000| Untracked 
| 242|0x0000000714800000, 0x0000000714800000, 0x0000000714900000|  0%| F|  |TAMS 0x0000000714800000, 0x0000000714800000| Untracked 
| 243|0x0000000714900000, 0x0000000714900000, 0x0000000714a00000|  0%| F|  |TAMS 0x0000000714900000, 0x0000000714900000| Untracked 
| 244|0x0000000714a00000, 0x0000000714a00000, 0x0000000714b00000|  0%| F|  |TAMS 0x0000000714a00000, 0x0000000714a00000| Untracked 
| 245|0x0000000714b00000, 0x0000000714b00000, 0x0000000714c00000|  0%| F|  |TAMS 0x0000000714b00000, 0x0000000714b00000| Untracked 
| 246|0x0000000714c00000, 0x0000000714c00000, 0x0000000714d00000|  0%| F|  |TAMS 0x0000000714c00000, 0x0000000714c00000| Untracked 
| 247|0x0000000714d00000, 0x0000000714d00000, 0x0000000714e00000|  0%| F|  |TAMS 0x0000000714d00000, 0x0000000714d00000| Untracked 
| 248|0x0000000714e00000, 0x0000000714e00000, 0x0000000714f00000|  0%| F|  |TAMS 0x0000000714e00000, 0x0000000714e00000| Untracked 
| 249|0x0000000714f00000, 0x0000000714f00000, 0x0000000715000000|  0%| F|  |TAMS 0x0000000714f00000, 0x0000000714f00000| Untracked 
| 250|0x0000000715000000, 0x0000000715000000, 0x0000000715100000|  0%| F|  |TAMS 0x0000000715000000, 0x0000000715000000| Untracked 
| 251|0x0000000715100000, 0x0000000715100000, 0x0000000715200000|  0%| F|  |TAMS 0x0000000715100000, 0x0000000715100000| Untracked 

Card table byte_map: [0x00000209f6550000,0x00000209f6d30000] _byte_map_base: 0x00000209f2d25000

Marking Bits (Prev, Next): (CMBitMap*) 0x00000209ff391b58, (CMBitMap*) 0x00000209ff391b90
 Prev Bits: [0x00000209f7510000, 0x00000209fb3b8000)
 Next Bits: [0x00000209fb3c0000, 0x00000209ff268000)

Polling page: 0x00000209dd200000

Metaspace:

Usage:
  Non-class:     50.83 MB capacity,    50.40 MB (>99%) used,   327.90 KB ( <1%) free+waste,   105.44 KB ( <1%) overhead. 
      Class:      7.79 MB capacity,     7.48 MB ( 96%) used,   264.88 KB (  3%) free+waste,    51.25 KB ( <1%) overhead. 
       Both:     58.62 MB capacity,    57.88 MB ( 99%) used,   592.77 KB ( <1%) free+waste,   156.69 KB ( <1%) overhead. 

Virtual space:
  Non-class space:       52.00 MB reserved,      50.88 MB ( 98%) committed 
      Class space:        1.00 GB reserved,       7.88 MB ( <1%) committed 
             Both:        1.05 GB reserved,      58.75 MB (  5%) committed 

Chunk freelists:
   Non-Class:  6.00 KB
       Class:  3.13 KB
        Both:  9.13 KB

CodeHeap 'non-profiled nmethods': size=120000Kb used=1559Kb max_used=1559Kb free=118440Kb
 bounds [0x00000209ee510000, 0x00000209ee780000, 0x00000209f5a40000]
CodeHeap 'profiled nmethods': size=120000Kb used=5838Kb max_used=5838Kb free=114161Kb
 bounds [0x00000209e6fe0000, 0x00000209e75a0000, 0x00000209ee510000]
CodeHeap 'non-nmethods': size=5760Kb used=1310Kb max_used=1365Kb free=4449Kb
 bounds [0x00000209e6a40000, 0x00000209e6cb0000, 0x00000209e6fe0000]
 total_blobs=3480 nmethods=2781 adapters=610
 compilation: enabled
              stopped_count=0, restarted_count=0
 full_count=0

Compilation events (10 events):
Event: 3.740 Thread 0x0000020982923000 2778       3       sun.nio.fs.WindowsFileSystem::getPath (101 bytes)
Event: 3.741 Thread 0x0000020982923000 nmethod 2778 0x00000209e7591610 code [0x00000209e75918e0, 0x00000209e7592848]
Event: 3.741 Thread 0x0000020982923000 2779       3       sun.nio.fs.WindowsPath::parse (26 bytes)
Event: 3.741 Thread 0x0000020982923000 nmethod 2779 0x00000209e7592e10 code [0x00000209e7592fe0, 0x00000209e75934a8]
Event: 3.753 Thread 0x0000020982923000 2780       3       sun.nio.fs.WindowsPathParser::isLetter (30 bytes)
Event: 3.754 Thread 0x0000020982923000 nmethod 2780 0x00000209e7593610 code [0x00000209e75937a0, 0x00000209e7593978]
Event: 3.754 Thread 0x0000020983462800 2781       4       java.lang.String::substring (68 bytes)
Event: 3.757 Thread 0x0000020983462800 nmethod 2781 0x00000209ee693610 code [0x00000209ee6937a0, 0x00000209ee693c58]
Event: 3.776 Thread 0x0000020982922000 2782  s!   4       jdk.internal.loader.URLClassPath::getLoader (194 bytes)
Event: 3.791 Thread 0x0000020982922000 nmethod 2782 0x00000209ee693e10 code [0x00000209ee694060, 0x00000209ee6952f0]

GC Heap History (10 events):
Event: 0.435 GC heap after
{Heap after GC invocations=1 (full 0):
 garbage-first heap   total 258048K, used 9141K [0x0000000705600000, 0x0000000800000000)
  region size 1024K, 3 young (3072K), 3 survivors (3072K)
 Metaspace       used 9714K, capacity 9921K, committed 9984K, reserved 1058816K
  class space    used 939K, capacity 972K, committed 1024K, reserved 1048576K
}
Event: 1.065 GC heap before
{Heap before GC invocations=1 (full 0):
 garbage-first heap   total 258048K, used 54197K [0x0000000705600000, 0x0000000800000000)
  region size 1024K, 48 young (49152K), 3 survivors (3072K)
 Metaspace       used 20613K, capacity 21146K, committed 21248K, reserved 1069056K
  class space    used 2263K, capacity 2460K, committed 2560K, reserved 1048576K
}
Event: 1.070 GC heap after
{Heap after GC invocations=2 (full 0):
 garbage-first heap   total 258048K, used 12536K [0x0000000705600000, 0x0000000800000000)
  region size 1024K, 7 young (7168K), 7 survivors (7168K)
 Metaspace       used 20613K, capacity 21146K, committed 21248K, reserved 1069056K
  class space    used 2263K, capacity 2460K, committed 2560K, reserved 1048576K
}
Event: 2.312 GC heap before
{Heap before GC invocations=3 (full 0):
 garbage-first heap   total 258048K, used 64760K [0x0000000705600000, 0x0000000800000000)
  region size 1024K, 56 young (57344K), 7 survivors (7168K)
 Metaspace       used 32518K, capacity 33271K, committed 33536K, reserved 1079296K
  class space    used 3769K, capacity 4071K, committed 4096K, reserved 1048576K
}
Event: 2.318 GC heap after
{Heap after GC invocations=4 (full 0):
 garbage-first heap   total 258048K, used 17901K [0x0000000705600000, 0x0000000800000000)
  region size 1024K, 7 young (7168K), 7 survivors (7168K)
 Metaspace       used 32518K, capacity 33271K, committed 33536K, reserved 1079296K
  class space    used 3769K, capacity 4071K, committed 4096K, reserved 1048576K
}
Event: 2.485 GC heap before
{Heap before GC invocations=4 (full 0):
 garbage-first heap   total 258048K, used 49645K [0x0000000705600000, 0x0000000800000000)
  region size 1024K, 39 young (39936K), 7 survivors (7168K)
 Metaspace       used 34961K, capacity 35671K, committed 35840K, reserved 1081344K
  class space    used 4187K, capacity 4487K, committed 4608K, reserved 1048576K
}
Event: 2.489 GC heap after
{Heap after GC invocations=5 (full 0):
 garbage-first heap   total 258048K, used 18248K [0x0000000705600000, 0x0000000800000000)
  region size 1024K, 7 young (7168K), 7 survivors (7168K)
 Metaspace       used 34961K, capacity 35671K, committed 35840K, reserved 1081344K
  class space    used 4187K, capacity 4487K, committed 4608K, reserved 1048576K
}
Event: 3.421 GC heap before
{Heap before GC invocations=6 (full 0):
 garbage-first heap   total 258048K, used 154440K [0x0000000705600000, 0x0000000800000000)
  region size 1024K, 140 young (143360K), 7 survivors (7168K)
 Metaspace       used 51290K, capacity 52087K, committed 52224K, reserved 1095680K
  class space    used 6512K, capacity 6823K, committed 6912K, reserved 1048576K
}
Event: 3.427 GC heap after
{Heap after GC invocations=7 (full 0):
 garbage-first heap   total 258048K, used 19884K [0x0000000705600000, 0x0000000800000000)
  region size 1024K, 9 young (9216K), 9 survivors (9216K)
 Metaspace       used 51290K, capacity 52087K, committed 52224K, reserved 1095680K
  class space    used 6512K, capacity 6823K, committed 6912K, reserved 1048576K
}
Event: 3.801 GC heap before
{Heap before GC invocations=7 (full 0):
 garbage-first heap   total 258048K, used 73132K [0x0000000705600000, 0x0000000800000000)
  region size 1024K, 62 young (63488K), 9 survivors (9216K)
 Metaspace       used 59273K, capacity 60023K, committed 60160K, reserved 1101824K
  class space    used 7658K, capacity 7975K, committed 8064K, reserved 1048576K
}

Deoptimization events (10 events):
Event: 2.016 Thread 0x0000020983fd1800 Uncommon trap: reason=class_check action=maybe_recompile pc=0x00000209ee5e9440 method=java.util.regex.Pattern$Slice.match(Ljava/util/regex/Matcher;ILjava/lang/CharSequence;)Z @ 75 c2
Event: 2.016 Thread 0x0000020983fd1800 Uncommon trap: reason=unstable_if action=reinterpret pc=0x00000209ee5efd38 method=java.util.regex.Pattern$LastNode.match(Ljava/util/regex/Matcher;ILjava/lang/CharSequence;)Z @ 5 c2
Event: 2.031 Thread 0x0000020983fd1800 Uncommon trap: reason=class_check action=maybe_recompile pc=0x00000209ee5e9440 method=java.util.regex.Pattern$Slice.match(Ljava/util/regex/Matcher;ILjava/lang/CharSequence;)Z @ 75 c2
Event: 2.033 Thread 0x0000020983fd1800 Uncommon trap: reason=class_check action=maybe_recompile pc=0x00000209ee5e9440 method=java.util.regex.Pattern$Slice.match(Ljava/util/regex/Matcher;ILjava/lang/CharSequence;)Z @ 75 c2
Event: 2.034 Thread 0x0000020983fd1800 Uncommon trap: reason=class_check action=maybe_recompile pc=0x00000209ee5e9440 method=java.util.regex.Pattern$Slice.match(Ljava/util/regex/Matcher;ILjava/lang/CharSequence;)Z @ 75 c2
Event: 2.144 Thread 0x00000209df49d800 Uncommon trap: reason=unstable_if action=reinterpret pc=0x00000209ee5a9720 method=java.lang.Integer.stringSize(I)I @ 3 c2
Event: 2.179 Thread 0x00000209df49d800 Uncommon trap: reason=unstable_if action=reinterpret pc=0x00000209ee558394 method=java.util.concurrent.ConcurrentHashMap.get(Ljava/lang/Object;)Ljava/lang/Object; @ 76 c2
Event: 2.186 Thread 0x00000209df49d800 Uncommon trap: reason=unstable_if action=reinterpret pc=0x00000209ee5e8af0 method=java.lang.StringLatin1.trim([B)Ljava/lang/String; @ 19 c2
Event: 2.899 Thread 0x00000209df49d800 Uncommon trap: reason=unstable_if action=reinterpret pc=0x00000209ee628614 method=jdk.internal.loader.BuiltinClassLoader.findLoadedModule(Ljava/lang/String;)Ljdk/internal/loader/BuiltinClassLoader$LoadedModule; @ 8 c2
Event: 3.724 Thread 0x00000209df49d800 Uncommon trap: reason=unstable_if action=reinterpret pc=0x00000209ee63f23c method=java.util.zip.ZipFile$EntrySpliterator.tryAdvance(Ljava/util/function/Consumer;)Z @ 27 c2

Classes redefined (0 events):
No events

Internal exceptions (10 events):
Event: 2.931 Thread 0x00000209df49d800 Exception <a 'java/lang/NoClassDefFoundError'{0x000000071020f378}: module-info is not a class because access_flag ACC_MODULE is set> (0x000000071020f378) thrown at [./open/src/hotspot/share/classfile/classFileParser.cpp, line 4831]
Event: 2.931 Thread 0x00000209df49d800 Exception <a 'java/lang/NoClassDefFoundError'{0x000000071020f378}> (0x000000071020f378) thrown at [./open/src/hotspot/share/prims/jvm.cpp, line 1309]
Event: 3.430 Thread 0x00000209df49d800 Exception <a 'java/lang/NoClassDefFoundError'{0x0000000715126af8}: org/jboss/marshalling/ByteInput> (0x0000000715126af8) thrown at [./open/src/hotspot/share/classfile/systemDictionary.cpp, line 216]
Event: 3.430 Thread 0x00000209df49d800 Exception <a 'java/lang/NoClassDefFoundError'{0x0000000715126af8}> (0x0000000715126af8) thrown at [./open/src/hotspot/share/prims/jvm.cpp, line 1309]
Event: 3.430 Thread 0x00000209df49d800 Exception <a 'java/lang/NoClassDefFoundError'{0x0000000715137558}: org/jboss/marshalling/ByteOutput> (0x0000000715137558) thrown at [./open/src/hotspot/share/classfile/systemDictionary.cpp, line 216]
Event: 3.430 Thread 0x00000209df49d800 Exception <a 'java/lang/NoClassDefFoundError'{0x0000000715137558}> (0x0000000715137558) thrown at [./open/src/hotspot/share/prims/jvm.cpp, line 1309]
Event: 3.432 Thread 0x00000209df49d800 Exception <a 'java/lang/NoClassDefFoundError'{0x000000071518e150}: org/jboss/marshalling/ByteInput> (0x000000071518e150) thrown at [./open/src/hotspot/share/classfile/systemDictionary.cpp, line 216]
Event: 3.432 Thread 0x00000209df49d800 Exception <a 'java/lang/NoClassDefFoundError'{0x000000071518e150}> (0x000000071518e150) thrown at [./open/src/hotspot/share/prims/jvm.cpp, line 1309]
Event: 3.610 Thread 0x00000209df49d800 Exception <a 'java/lang/NoClassDefFoundError'{0x000000071397f8a0}: javax/servlet/ServletContextListener> (0x000000071397f8a0) thrown at [./open/src/hotspot/share/classfile/systemDictionary.cpp, line 216]
Event: 3.610 Thread 0x00000209df49d800 Exception <a 'java/lang/NoClassDefFoundError'{0x000000071397f8a0}> (0x000000071397f8a0) thrown at [./open/src/hotspot/share/prims/jvm.cpp, line 1309]

Events (10 events):
Event: 3.799 loading class org/apache/commons/beanutils/locale/LocaleConvertUtils done
Event: 3.799 loading class org/apache/commons/beanutils/locale/LocaleBeanUtilsBean
Event: 3.799 loading class org/apache/commons/beanutils/locale/LocaleBeanUtilsBean done
Event: 3.800 loading class org/apache/commons/beanutils/locale/LocaleConvertUtilsBean
Event: 3.800 loading class org/apache/commons/beanutils/locale/LocaleConvertUtilsBean done
Event: 3.800 loading class org/apache/commons/beanutils/ResultSetDynaClass
Event: 3.800 loading class org/apache/commons/beanutils/ResultSetDynaClass done
Event: 3.800 loading class org/apache/commons/beanutils/WrapDynaClass
Event: 3.800 loading class org/apache/commons/beanutils/WrapDynaClass done
Event: 3.801 Executing VM operation: CollectForMetadataAllocation


Dynamic libraries:
0x00007ff78c870000 - 0x00007ff78c87f000 	C:\Program Files\Java\jdk-11.0.13\bin\javaw.exe
0x00007ff883230000 - 0x00007ff883428000 	C:\Windows\SYSTEM32\ntdll.dll
0x00007ff882400000 - 0x00007ff8824bd000 	C:\Windows\System32\KERNEL32.DLL
0x00007ff880fc0000 - 0x00007ff88128e000 	C:\Windows\System32\KERNELBASE.dll
0x00007ff880c90000 - 0x00007ff880d90000 	C:\Windows\System32\ucrtbase.dll
0x00007ff85b550000 - 0x00007ff85b568000 	C:\Program Files\Java\jdk-11.0.13\bin\jli.dll
0x00007ff882230000 - 0x00007ff8822de000 	C:\Windows\System32\ADVAPI32.dll
0x00007ff882a90000 - 0x00007ff882b2e000 	C:\Windows\System32\msvcrt.dll
0x00007ff882ff0000 - 0x00007ff88308c000 	C:\Windows\System32\sechost.dll
0x00007ff881290000 - 0x00007ff8813b5000 	C:\Windows\System32\RPCRT4.dll
0x00007ff8825a0000 - 0x00007ff882740000 	C:\Windows\System32\USER32.dll
0x00007ff880e30000 - 0x00007ff880e52000 	C:\Windows\System32\win32u.dll
0x00007ff882b30000 - 0x00007ff882b5a000 	C:\Windows\System32\GDI32.dll
0x00007ff880950000 - 0x00007ff880a5b000 	C:\Windows\System32\gdi32full.dll
0x00007ff880d90000 - 0x00007ff880e2d000 	C:\Windows\System32\msvcp_win.dll
0x00007ff85b530000 - 0x00007ff85b545000 	C:\Program Files\Java\jdk-11.0.13\bin\VCRUNTIME140.dll
0x00007ff8632f0000 - 0x00007ff86358a000 	C:\Windows\WinSxS\amd64_microsoft.windows.common-controls_6595b64144ccf1df_6.0.19041.1110_none_60b5254171f9507e\COMCTL32.dll
0x00007ff8745e0000 - 0x00007ff8745ea000 	C:\Windows\SYSTEM32\VERSION.dll
0x00007ff883090000 - 0x00007ff8830c0000 	C:\Windows\System32\IMM32.DLL
0x00007ff83e410000 - 0x00007ff83ea63000 	C:\Program Files\McAfee\DLP\Agent\fcagpph64.dll
0x00007ff8814a0000 - 0x00007ff881be4000 	C:\Windows\System32\SHELL32.dll
0x00007ff8830c0000 - 0x00007ff8831ea000 	C:\Windows\System32\ole32.dll
0x00007ff882c90000 - 0x00007ff882fe4000 	C:\Windows\System32\combase.dll
0x00007ff882880000 - 0x00007ff8828d5000 	C:\Windows\System32\SHLWAPI.dll
0x00007ff882810000 - 0x00007ff88287b000 	C:\Windows\System32\WS2_32.dll
0x00007ff882740000 - 0x00007ff88280d000 	C:\Windows\System32\OLEAUT32.dll
0x00007ff8643c0000 - 0x00007ff864458000 	C:\Windows\SYSTEM32\WINSPOOL.DRV
0x00007ff880840000 - 0x00007ff880872000 	C:\Windows\SYSTEM32\SspiCli.dll
0x00007ff87f560000 - 0x00007ff87f593000 	C:\Windows\SYSTEM32\ntmarta.dll
0x00007ff83df30000 - 0x00007ff83e40b000 	C:\Program Files\McAfee\DLP\Agent\fcagafa64.dll
0x00007ff83d8f0000 - 0x00007ff83df23000 	C:\Program Files\McAfee\DLP\Agent\fcagcbh64.dll
0x00000209dd230000 - 0x00000209dd244000 	C:\Windows\System32\umppc15406.dll
0x00007ff858740000 - 0x00007ff8587db000 	C:\Program Files\Java\jdk-11.0.13\bin\msvcp140.dll
0x00007ff857b70000 - 0x00007ff858683000 	C:\Program Files\Java\jdk-11.0.13\bin\server\jvm.dll
0x00007ff882530000 - 0x00007ff882538000 	C:\Windows\System32\PSAPI.DLL
0x00007ff864370000 - 0x00007ff864379000 	C:\Windows\SYSTEM32\WSOCK32.dll
0x00007ff864300000 - 0x00007ff864327000 	C:\Windows\SYSTEM32\WINMM.dll
0x00007ff87f190000 - 0x00007ff87f1a2000 	C:\Windows\SYSTEM32\kernel.appcore.dll
0x00007ff857970000 - 0x00007ff857980000 	C:\Program Files\Java\jdk-11.0.13\bin\verify.dll
0x00007ff87e7a0000 - 0x00007ff87e984000 	C:\Windows\SYSTEM32\DBGHELP.DLL
0x00007ff866720000 - 0x00007ff86674c000 	C:\Windows\SYSTEM32\dbgcore.DLL
0x00007ff880a60000 - 0x00007ff880ae2000 	C:\Windows\System32\bcryptPrimitives.dll
0x00007ff857910000 - 0x00007ff857938000 	C:\Program Files\Java\jdk-11.0.13\bin\java.dll
0x00007ff857900000 - 0x00007ff85790a000 	C:\Program Files\Java\jdk-11.0.13\bin\jimage.dll
0x00007ff8578c0000 - 0x00007ff8578d6000 	C:\Program Files\Java\jdk-11.0.13\bin\zip.dll
0x00007ff87e9a0000 - 0x00007ff87f134000 	C:\Windows\SYSTEM32\windows.storage.dll
0x00007ff880200000 - 0x00007ff880230000 	C:\Windows\SYSTEM32\Wldp.dll
0x0000020982c00000 - 0x0000020982cad000 	C:\Windows\System32\SHCORE.dll
0x00007ff880890000 - 0x00007ff8808af000 	C:\Windows\SYSTEM32\profapi.dll
0x00007ff8572a0000 - 0x00007ff8572b9000 	C:\Program Files\Java\jdk-11.0.13\bin\net.dll
0x00007ff878720000 - 0x00007ff87882a000 	C:\Windows\SYSTEM32\WINHTTP.dll
0x00007ff87ffe0000 - 0x00007ff88004a000 	C:\Windows\system32\mswsock.dll
0x00007ff856e40000 - 0x00007ff856e52000 	C:\Program Files\Java\jdk-11.0.13\bin\nio.dll
0x00007ff86c8d0000 - 0x00007ff86c8d9000 	C:\Program Files\Java\jdk-11.0.13\bin\management.dll
0x00007ff86c8c0000 - 0x00007ff86c8cb000 	C:\Program Files\Java\jdk-11.0.13\bin\management_ext.dll
0x00007ff8576c0000 - 0x00007ff8576d7000 	C:\Windows\system32\napinsp.dll
0x00007ff857630000 - 0x00007ff85764b000 	C:\Windows\system32\pnrpnsp.dll
0x00007ff8575b0000 - 0x00007ff8575c5000 	C:\Windows\system32\wshbth.dll
0x00007ff879850000 - 0x00007ff87986d000 	C:\Windows\system32\NLAapi.dll
0x00007ff87fcf0000 - 0x00007ff87fd2b000 	C:\Windows\SYSTEM32\IPHLPAPI.DLL
0x00007ff87fd30000 - 0x00007ff87fdfa000 	C:\Windows\SYSTEM32\DNSAPI.dll
0x00007ff882520000 - 0x00007ff882528000 	C:\Windows\System32\NSI.dll
0x00007ff857590000 - 0x00007ff8575a2000 	C:\Windows\System32\winrnr.dll
0x00007ff8761e0000 - 0x00007ff8761ea000 	C:\Windows\System32\rasadhlp.dll
0x00007ff877da0000 - 0x00007ff877e20000 	C:\Windows\System32\fwpuclnt.dll
0x00007ff880bf0000 - 0x00007ff880c17000 	C:\Windows\System32\bcrypt.dll
0x00007ff87a570000 - 0x00007ff87a579000 	C:\Program Files\Java\jdk-11.0.13\bin\prefs.dll
0x00007ff8549f0000 - 0x00007ff854b8a000 	C:\Program Files\Java\jdk-11.0.13\bin\awt.dll
0x00007ff87d8e0000 - 0x00007ff87d970000 	C:\Windows\SYSTEM32\apphelp.dll
0x00007ff87dd10000 - 0x00007ff87ddae000 	C:\Windows\system32\uxtheme.dll
0x00007ff8822e0000 - 0x00007ff8823f5000 	C:\Windows\System32\MSCTF.dll
0x00007ff87df00000 - 0x00007ff87df2f000 	C:\Windows\system32\DWMAPI.DLL
0x00007ff84e040000 - 0x00007ff84e167000 	C:\Windows\system32\opengl32.dll
0x00007ff858c40000 - 0x00007ff858c6c000 	C:\Windows\SYSTEM32\GLU32.dll
0x00007ff854960000 - 0x00007ff8549e6000 	C:\Program Files\Java\jdk-11.0.13\bin\freetype.dll
0x00007ff8548b0000 - 0x00007ff854955000 	C:\Program Files\Java\jdk-11.0.13\bin\fontmanager.dll
0x00007ff85ab40000 - 0x00007ff85ac39000 	C:\Windows\SYSTEM32\textinputframework.dll
0x00007ff87aa10000 - 0x00007ff87ad6e000 	C:\Windows\System32\CoreUIComponents.dll
0x00007ff87b0f0000 - 0x00007ff87b1e2000 	C:\Windows\System32\CoreMessaging.dll
0x00007ff8796f0000 - 0x00007ff879844000 	C:\Windows\SYSTEM32\wintypes.dll

dbghelp: loaded successfully - version: 4.0.5 - missing functions: none
symbol engine: initialized successfully - sym options: 0x614 - pdb path: .;C:\Program Files\Java\jdk-11.0.13\bin;C:\Windows\SYSTEM32;C:\Windows\WinSxS\amd64_microsoft.windows.common-controls_6595b64144ccf1df_6.0.19041.1110_none_60b5254171f9507e;C:\Program Files\McAfee\DLP\Agent;C:\Program Files\Java\jdk-11.0.13\bin\server

VM Arguments:
java_command: D:\IGS\apache-jmeter-5.4.3\bin\ApacheJMeter.jar
java_class_path (initial): D:\IGS\apache-jmeter-5.4.3\bin\ApacheJMeter.jar
Launcher Type: SUN_STANDARD

[Global flags]
     intx CICompilerCount                          = 4                                         {product} {ergonomic}
     uint ConcGCThreads                            = 2                                         {product} {ergonomic}
     uint G1ConcRefinementThreads                  = 8                                         {product} {ergonomic}
   size_t G1HeapRegionSize                         = 1048576                                   {product} {ergonomic}
    uintx GCDrainStackTargetSize                   = 64                                        {product} {ergonomic}
   size_t InitialHeapSize                          = 264241152                                 {product} {ergonomic}
   size_t MarkStackSize                            = 4194304                                   {product} {ergonomic}
   size_t MaxHeapSize                              = 4204789760                                {product} {ergonomic}
   size_t MaxNewSize                               = 2522873856                                {product} {ergonomic}
   size_t MinHeapDeltaBytes                        = 1048576                                   {product} {ergonomic}
    uintx NonNMethodCodeHeapSize                   = 5836300                                {pd product} {ergonomic}
    uintx NonProfiledCodeHeapSize                  = 122910970                              {pd product} {ergonomic}
    uintx ProfiledCodeHeapSize                     = 122910970                              {pd product} {ergonomic}
    uintx ReservedCodeCacheSize                    = 251658240                              {pd product} {ergonomic}
     bool SegmentedCodeCache                       = true                                      {product} {ergonomic}
     bool UseCompressedClassPointers               = true                                 {lp64_product} {ergonomic}
     bool UseCompressedOops                        = true                                 {lp64_product} {ergonomic}
     bool UseG1GC                                  = true                                      {product} {ergonomic}
     bool UseLargePagesIndividualAllocation        = false                                  {pd product} {ergonomic}

Logging:
Log output configuration:
 #0: stdout all=warning uptime,level,tags
 #1: stderr all=off uptime,level,tags

Environment Variables:
PATH=C:\Program Files\Common Files\Oracle\Java\javapath;C:\Windows\system32;C:\Windows;C:\Windows\System32\Wbem;C:\Windows\System32\WindowsPowerShell\v1.0\;C:\Windows\System32\OpenSSH\;C:\ProgramData\chocolatey\bin;C:\Program Files\nodejs\;D:\IGS\apache-jmeter-5.4.3\bin;D:\IGS\apache-maven-3.8.5-bin\apache-maven-3.8.5\bin;C:\Program Files\Docker\Docker\resources\bin;C:\ProgramData\DockerDesktop\version-bin;C:\Program Files\PuTTY\;C:\Program Files (x86)\Bitvise SSH Client;c:\Program Files\Amazon\AWSCLIV2\aws.exe;C:\Program Files\Git\cmd;C:\Users\User\AppData\Local\Programs\Python\Python39\Scripts\;C:\Users\User\AppData\Local\Programs\Python\Python39\;C:\Users\User\AppData\Local\Programs\Python\Python310\Scripts\;C:\Users\User\AppData\Local\Programs\Python\Python310\;C:\Users\User\AppData\Local\Microsoft\WindowsApps;C:\Users\User\AppData\Roaming\npm;D:\IGS\apache-jmeter-5.4.3\bin;C:\Users\User\AppData\Local\Programs\Fiddler;c:\Program Files\Amazon\AWSCLIV2\aws.exe;C:\Users\User\AppData\Local\GitHubDesktop\bin
USERNAME=User
OS=Windows_NT
PROCESSOR_IDENTIFIER=Intel64 Family 6 Model 140 Stepping 1, GenuineIntel



---------------  S Y S T E M  ---------------

OS: Windows 10 , 64 bit Build 19041 (10.0.19041.1889)
Hyper-V role detected

CPU:total 8 (initial active 8) (4 cores per cpu, 2 threads per core) family 6 model 140 stepping 1 microcode 0x86, cmov, cx8, fxsr, mmx, sse, sse2, sse3, ssse3, sse4.1, sse4.2, popcnt, avx, avx2, aes, clmul, erms, 3dnowpref, lzcnt, ht, tsc, tscinvbit, bmi1, bmi2, adx, evex, sha, fma

Memory: 4k page, system-wide physical 16038M (3215M free)
TotalPageFile size 16038M (AvailPageFile size 43M)
current process WorkingSet (physical memory assigned to process): 333M, peak: 337M
current process commit charge ("private bytes"): 469M, peak: 520M

vm_info: Java HotSpot(TM) 64-Bit Server VM (11.0.13+10-LTS-370) for windows-amd64 JRE (11.0.13+10-LTS-370), built on Sep 15 2021 22:10:36 by "mach5one" with MS VC++ 15.9 (VS2017)

END.
