#
# There is insufficient memory for the Java Runtime Environment to continue.
# Native memory allocation (mmap) failed to map 1073741824 bytes for Failed to commit area from 0x00000000c0000000 to 0x0000000100000000 of length 1073741824.
# Possible reasons:
#   The system is out of physical RAM or swap space
#   The process is running with CompressedOops enabled, and the Java Heap may be blocking the growth of the native heap
# Possible solutions:
#   Reduce memory load on the system
#   Increase physical memory or swap space
#   Check if swap backing store is full
#   Decrease Java heap size (-Xmx/-Xms)
#   Decrease number of Java threads
#   Decrease Java thread stack sizes (-Xss)
#   Set larger code cache with -XX:ReservedCodeCacheSize=
# This output file may be truncated or incomplete.
#
#  Out of Memory Error (./open/src/hotspot/os/windows/os_windows.cpp:3276), pid=4516, tid=1620
#
# JRE version:  (11.0.13+10) (build )
# Java VM: Java HotSpot(TM) 64-Bit Server VM (11.0.13+10-LTS-370, mixed mode, sharing, tiered, compressed oops, g1 gc, windows-amd64)
# No core dump will be written. Minidumps are not enabled by default on client versions of Windows
#

---------------  S U M M A R Y ------------

Command Line: --add-opens=java.desktop/sun.awt=ALL-UNNAMED --add-opens=java.desktop/sun.swing=ALL-UNNAMED --add-opens=java.desktop/javax.swing.text.html=ALL-UNNAMED --add-opens=java.desktop/java.awt=ALL-UNNAMED --add-opens=java.desktop/java.awt.font=ALL-UNNAMED --add-opens=java.base/java.lang=ALL-UNNAMED --add-opens=java.base/java.lang.invoke=ALL-UNNAMED --add-opens=java.base/java.lang.reflect=ALL-UNNAMED --add-opens=java.base/java.util=ALL-UNNAMED --add-opens=java.base/java.text=ALL-UNNAMED -XX:+HeapDumpOnOutOfMemoryError -Xms1g -Xmx1g -XX:MaxMetaspaceSize=256m -XX:+UseG1GC -XX:MaxGCPauseMillis=100 -XX:G1ReservePercent=20 -Djava.security.egd=file:/dev/urandom -Duser.language=en -Duser.region=EN ApacheJMeter.jar -s -j jmeter-server.log

Host: 11th Gen Intel(R) Core(TM) i5-1135G7 @ 2.40GHz, 8 cores, 15G,  Windows 10 , 64 bit Build 19041 (10.0.19041.1806)
Time: Wed Aug 10 17:15:28 2022 India Standard Time elapsed time: 0.013000 seconds (0d 0h 0m 0s)

---------------  T H R E A D  ---------------

Current thread (0x000001fd9ce59000):  JavaThread "Unknown thread" [_thread_in_vm, id=1620, stack(0x000000c23e200000,0x000000c23e300000)]

Stack: [0x000000c23e200000,0x000000c23e300000]
Native frames: (J=compiled Java code, j=interpreted, Vv=VM code, C=native code)
V  [jvm.dll+0x62870a]
V  [jvm.dll+0x761f2f]
V  [jvm.dll+0x7635d9]
V  [jvm.dll+0x763c63]
V  [jvm.dll+0x23d728]
V  [jvm.dll+0x625aba]
V  [jvm.dll+0x61a855]
V  [jvm.dll+0x2f242c]
V  [jvm.dll+0x2f22b2]
V  [jvm.dll+0x2f6fd6]
V  [jvm.dll+0x3395ff]
V  [jvm.dll+0x339030]
V  [jvm.dll+0x2cfa38]
V  [jvm.dll+0x2d0ba6]
V  [jvm.dll+0x73c547]
V  [jvm.dll+0x73dddf]
V  [jvm.dll+0x346369]
V  [jvm.dll+0x721e60]
V  [jvm.dll+0x3b500f]
V  [jvm.dll+0x3b7121]
C  [jli.dll+0x5207]
C  [ucrtbase.dll+0x21bb2]
C  [KERNEL32.DLL+0x17034]
C  [ntdll.dll+0x52651]


---------------  P R O C E S S  ---------------

Threads class SMR info:
_java_thread_list=0x000001fd9b490fd0, length=0, elements={
}

Java Threads: ( => current thread )

Other Threads:
  0x000001fd9ce71000 GCTaskThread "GC Thread#0" [stack: 0x000000c23e300000,0x000000c23e400000] [id=3436]
  0x000001fd9ce8d000 ConcurrentGCThread "G1 Main Marker" [stack: 0x000000c23e400000,0x000000c23e500000] [id=4576]
  0x000001fd9ce8e800 ConcurrentGCThread "G1 Conc#0" [stack: 0x000000c23e500000,0x000000c23e600000] [id=1292]

[error occurred during error reporting (printing all threads), id 0xc0000005, EXCEPTION_ACCESS_VIOLATION (0xc0000005) at pc=0x00007ff9dfebecc7]

VM state:not at safepoint (not fully initialized)

VM Mutex/Monitor currently owned by a thread:  ([mutex/lock_event])
[0x000001fd9ce54d40] Heap_lock - owner thread: 0x000001fd9ce59000

Heap address: 0x00000000c0000000, size: 1024 MB, Compressed Oops mode: Non-zero based: 0x00000000c0000000
Narrow klass base: 0x0000000000000000, Narrow klass shift: 0

GC Heap History (0 events):
No events

Deoptimization events (0 events):
No events

Classes redefined (0 events):
No events

Internal exceptions (0 events):
No events

Events (0 events):
No events


Dynamic libraries:
0x00007ff61edd0000 - 0x00007ff61eddf000 	C:\Program Files\Java\jdk-11.0.13\bin\java.exe
0x00007ffa11470000 - 0x00007ffa11668000 	C:\Windows\SYSTEM32\ntdll.dll
0x00007ffa107b0000 - 0x00007ffa1086d000 	C:\Windows\System32\KERNEL32.DLL
0x00007ffa0ed70000 - 0x00007ffa0f03e000 	C:\Windows\System32\KERNELBASE.dll
0x00007ffa0f380000 - 0x00007ffa0f480000 	C:\Windows\System32\ucrtbase.dll
0x00007ff9ebce0000 - 0x00007ff9ebcf5000 	C:\Program Files\Java\jdk-11.0.13\bin\VCRUNTIME140.dll
0x00007ff9e0870000 - 0x00007ff9e0888000 	C:\Program Files\Java\jdk-11.0.13\bin\jli.dll
0x00007ffa10900000 - 0x00007ffa109ae000 	C:\Windows\System32\ADVAPI32.dll
0x00007ffa0ff70000 - 0x00007ffa1000e000 	C:\Windows\System32\msvcrt.dll
0x00007ffa0fb50000 - 0x00007ffa0fbec000 	C:\Windows\System32\sechost.dll
0x00007ffa109b0000 - 0x00007ffa10ad5000 	C:\Windows\System32\RPCRT4.dll
0x00007ffa0fbf0000 - 0x00007ffa0fd90000 	C:\Windows\System32\USER32.dll
0x00007ffa0ed40000 - 0x00007ffa0ed62000 	C:\Windows\System32\win32u.dll
0x00007ff9f0210000 - 0x00007ff9f04aa000 	C:\Windows\WinSxS\amd64_microsoft.windows.common-controls_6595b64144ccf1df_6.0.19041.1110_none_60b5254171f9507e\COMCTL32.dll
0x00007ffa10010000 - 0x00007ffa1003a000 	C:\Windows\System32\GDI32.dll
0x00007ffa0f110000 - 0x00007ffa0f21b000 	C:\Windows\System32\gdi32full.dll
0x00007ffa0f040000 - 0x00007ffa0f0dd000 	C:\Windows\System32\msvcp_win.dll
0x00007ffa03530000 - 0x00007ffa0353a000 	C:\Windows\SYSTEM32\VERSION.dll
0x00007ffa108d0000 - 0x00007ffa10900000 	C:\Windows\System32\IMM32.DLL
0x00007ff9e0700000 - 0x00007ff9e079b000 	C:\Program Files\Java\jdk-11.0.13\bin\msvcp140.dll
0x00007ff9dfbe0000 - 0x00007ff9e06f3000 	C:\Program Files\Java\jdk-11.0.13\bin\server\jvm.dll
0x00007ffa0fb40000 - 0x00007ffa0fb48000 	C:\Windows\System32\PSAPI.DLL
0x00007ff9f2060000 - 0x00007ff9f2069000 	C:\Windows\SYSTEM32\WSOCK32.dll
0x00007ff9fbb30000 - 0x00007ff9fbb57000 	C:\Windows\SYSTEM32\WINMM.dll
0x00007ffa103a0000 - 0x00007ffa1040b000 	C:\Windows\System32\WS2_32.dll
0x00007ffa0d3e0000 - 0x00007ffa0d3f2000 	C:\Windows\SYSTEM32\kernel.appcore.dll
0x00007ff9df920000 - 0x00007ff9df930000 	C:\Program Files\Java\jdk-11.0.13\bin\verify.dll
0x00007ffa0d1e0000 - 0x00007ffa0d3c4000 	C:\Windows\SYSTEM32\DBGHELP.DLL
0x00007ff9fbe00000 - 0x00007ff9fbe2c000 	C:\Windows\SYSTEM32\dbgcore.DLL
0x00007ffa0eb90000 - 0x00007ffa0ec12000 	C:\Windows\System32\bcryptPrimitives.dll
0x00007ff9df830000 - 0x00007ff9df858000 	C:\Program Files\Java\jdk-11.0.13\bin\java.dll
0x00007ff9df8e0000 - 0x00007ff9df8ea000 	C:\Program Files\Java\jdk-11.0.13\bin\jimage.dll
0x00007ff9df8c0000 - 0x00007ff9df8d6000 	C:\Program Files\Java\jdk-11.0.13\bin\zip.dll

dbghelp: loaded successfully - version: 4.0.5 - missing functions: none
symbol engine: initialized successfully - sym options: 0x614 - pdb path: .;C:\Program Files\Java\jdk-11.0.13\bin;C:\Windows\SYSTEM32;C:\Windows\WinSxS\amd64_microsoft.windows.common-controls_6595b64144ccf1df_6.0.19041.1110_none_60b5254171f9507e;C:\Program Files\Java\jdk-11.0.13\bin\server

VM Arguments:
jvm_args: --add-opens=java.desktop/sun.awt=ALL-UNNAMED --add-opens=java.desktop/sun.swing=ALL-UNNAMED --add-opens=java.desktop/javax.swing.text.html=ALL-UNNAMED --add-opens=java.desktop/java.awt=ALL-UNNAMED --add-opens=java.desktop/java.awt.font=ALL-UNNAMED --add-opens=java.base/java.lang=ALL-UNNAMED --add-opens=java.base/java.lang.invoke=ALL-UNNAMED --add-opens=java.base/java.lang.reflect=ALL-UNNAMED --add-opens=java.base/java.util=ALL-UNNAMED --add-opens=java.base/java.text=ALL-UNNAMED -XX:+HeapDumpOnOutOfMemoryError -Xms1g -Xmx1g -XX:MaxMetaspaceSize=256m -XX:+UseG1GC -XX:MaxGCPauseMillis=100 -XX:G1ReservePercent=20 -Djava.security.egd=file:/dev/urandom -Duser.language=en -Duser.region=EN 
java_command: ApacheJMeter.jar -s -j jmeter-server.log
java_class_path (initial): ApacheJMeter.jar
Launcher Type: SUN_STANDARD

[Global flags]
     intx CICompilerCount                          = 4                                         {product} {ergonomic}
   size_t CompressedClassSpaceSize                 = 260046848                                 {product} {ergonomic}
     uint ConcGCThreads                            = 2                                         {product} {ergonomic}
     uint G1ConcRefinementThreads                  = 8                                         {product} {ergonomic}
   size_t G1HeapRegionSize                         = 1048576                                   {product} {ergonomic}
    uintx G1ReservePercent                         = 20                                        {product} {command line}
    uintx GCDrainStackTargetSize                   = 64                                        {product} {ergonomic}
     bool HeapDumpOnOutOfMemoryError               = true                                   {manageable} {command line}
   size_t InitialHeapSize                          = 1073741824                                {product} {command line}
   size_t MarkStackSize                            = 4194304                                   {product} {ergonomic}
    uintx MaxGCPauseMillis                         = 100                                       {product} {command line}
   size_t MaxHeapSize                              = 1073741824                                {product} {command line}
   size_t MaxMetaspaceSize                         = 268435456                                 {product} {command line}
   size_t MinHeapDeltaBytes                        = 1048576                                   {product} {ergonomic}
    uintx NonNMethodCodeHeapSize                   = 5836300                                {pd product} {ergonomic}
    uintx NonProfiledCodeHeapSize                  = 122910970                              {pd product} {ergonomic}
    uintx ProfiledCodeHeapSize                     = 122910970                              {pd product} {ergonomic}
    uintx ReservedCodeCacheSize                    = 251658240                              {pd product} {ergonomic}
     bool SegmentedCodeCache                       = true                                      {product} {ergonomic}
     bool UseCompressedClassPointers               = true                                 {lp64_product} {ergonomic}
     bool UseCompressedOops                        = true                                 {lp64_product} {ergonomic}
     bool UseG1GC                                  = true                                      {product} {command line}
     bool UseLargePagesIndividualAllocation        = false                                  {pd product} {ergonomic}

Logging:
Log output configuration:
 #0: stdout all=warning uptime,level,tags
 #1: stderr all=off uptime,level,tags

Environment Variables:
PATH=C:\Program Files\Common Files\Oracle\Java\javapath;C:\Windows\system32;C:\Windows;C:\Windows\System32\Wbem;C:\Windows\System32\WindowsPowerShell\v1.0\;C:\Windows\System32\OpenSSH\;C:\ProgramData\chocolatey\bin;C:\Program Files\nodejs\;D:\IGS\apache-jmeter-5.4.3\bin;D:\IGS\apache-maven-3.8.5-bin\apache-maven-3.8.5\bin;C:\Program Files\Docker\Docker\resources\bin;C:\ProgramData\DockerDesktop\version-bin;C:\Program Files\PuTTY\;C:\Program Files (x86)\Bitvise SSH Client;c:\Program Files\Amazon\AWSCLIV2\aws.exe;C:\Program Files\Git\cmd;C:\Users\User\AppData\Local\Programs\Python\Python39\Scripts\;C:\Users\User\AppData\Local\Programs\Python\Python39\;C:\Users\User\AppData\Local\Programs\Python\Python310\Scripts\;C:\Users\User\AppData\Local\Programs\Python\Python310\;C:\Users\User\AppData\Local\Microsoft\WindowsApps;C:\Users\User\AppData\Roaming\npm;D:\IGS\apache-jmeter-5.4.3\bin;C:\Users\User\AppData\Local\Programs\Fiddler;c:\Program Files\Amazon\AWSCLIV2\aws.exe;C:\Users\User\AppData\Local\GitHubDesktop\bin
USERNAME=User
OS=Windows_NT
PROCESSOR_IDENTIFIER=Intel64 Family 6 Model 140 Stepping 1, GenuineIntel



---------------  S Y S T E M  ---------------

OS: Windows 10 , 64 bit Build 19041 (10.0.19041.1806)
Hyper-V role detected

CPU:total 8 (initial active 8) (4 cores per cpu, 2 threads per core) family 6 model 140 stepping 1 microcode 0x86, cmov, cx8, fxsr, mmx, sse, sse2, sse3, ssse3, sse4.1, sse4.2, popcnt, avx, avx2, aes, clmul, erms, 3dnowpref, lzcnt, ht, tsc, tscinvbit, bmi1, bmi2, adx, evex, sha, fma

Memory: 4k page, system-wide physical 16038M (2066M free)
TotalPageFile size 16038M (AvailPageFile size 357M)
current process WorkingSet (physical memory assigned to process): 9M, peak: 9M
current process commit charge ("private bytes"): 59M, peak: 1083M

vm_info: Java HotSpot(TM) 64-Bit Server VM (11.0.13+10-LTS-370) for windows-amd64 JRE (11.0.13+10-LTS-370), built on Sep 15 2021 22:10:36 by "mach5one" with MS VC++ 15.9 (VS2017)

END.
