#
# There is insufficient memory for the Java Runtime Environment to continue.
# Native memory allocation (mmap) failed to map 1073741824 bytes for Failed to commit area from 0x00000000c0000000 to 0x0000000100000000 of length 1073741824.
# Possible reasons:
#   The system is out of physical RAM or swap space
#   The process is running with CompressedOops enabled, and the Java Heap may be blocking the growth of the native heap
# Possible solutions:
#   Reduce memory load on the system
#   Increase physical memory or swap space
#   Check if swap backing store is full
#   Decrease Java heap size (-Xmx/-Xms)
#   Decrease number of Java threads
#   Decrease Java thread stack sizes (-Xss)
#   Set larger code cache with -XX:ReservedCodeCacheSize=
# This output file may be truncated or incomplete.
#
#  Out of Memory Error (./open/src/hotspot/os/windows/os_windows.cpp:3276), pid=24004, tid=5684
#
# JRE version:  (11.0.13+10) (build )
# Java VM: Java HotSpot(TM) 64-Bit Server VM (11.0.13+10-LTS-370, mixed mode, sharing, tiered, compressed oops, g1 gc, windows-amd64)
# No core dump will be written. Minidumps are not enabled by default on client versions of Windows
#

---------------  S U M M A R Y ------------

Command Line: --add-opens=java.desktop/sun.awt=ALL-UNNAMED --add-opens=java.desktop/sun.swing=ALL-UNNAMED --add-opens=java.desktop/javax.swing.text.html=ALL-UNNAMED --add-opens=java.desktop/java.awt=ALL-UNNAMED --add-opens=java.desktop/java.awt.font=ALL-UNNAMED --add-opens=java.base/java.lang=ALL-UNNAMED --add-opens=java.base/java.lang.invoke=ALL-UNNAMED --add-opens=java.base/java.lang.reflect=ALL-UNNAMED --add-opens=java.base/java.util=ALL-UNNAMED --add-opens=java.base/java.text=ALL-UNNAMED -XX:+HeapDumpOnOutOfMemoryError -Xms1g -Xmx1g -XX:MaxMetaspaceSize=256m -XX:+UseG1GC -XX:MaxGCPauseMillis=100 -XX:G1ReservePercent=20 -Djava.security.egd=file:/dev/urandom -Duser.language=en -Duser.region=EN ApacheJMeter.jar

Host: 11th Gen Intel(R) Core(TM) i5-1135G7 @ 2.40GHz, 8 cores, 15G,  Windows 10 , 64 bit Build 19041 (10.0.19041.1889)
Time: Thu Aug 18 15:54:06 2022 India Standard Time elapsed time: 0.018738 seconds (0d 0h 0m 0s)

---------------  T H R E A D  ---------------

Current thread (0x000001431a794800):  JavaThread "Unknown thread" [_thread_in_vm, id=5684, stack(0x0000003874c00000,0x0000003874d00000)]

Stack: [0x0000003874c00000,0x0000003874d00000]
Native frames: (J=compiled Java code, j=interpreted, Vv=VM code, C=native code)
V  [jvm.dll+0x62870a]
V  [jvm.dll+0x761f2f]
V  [jvm.dll+0x7635d9]
V  [jvm.dll+0x763c63]
V  [jvm.dll+0x23d728]
V  [jvm.dll+0x625aba]
V  [jvm.dll+0x61a855]
V  [jvm.dll+0x2f242c]
V  [jvm.dll+0x2f22b2]
V  [jvm.dll+0x2f6fd6]
V  [jvm.dll+0x3395ff]
V  [jvm.dll+0x339030]
V  [jvm.dll+0x2cfa38]
V  [jvm.dll+0x2d0ba6]
V  [jvm.dll+0x73c547]
V  [jvm.dll+0x73dddf]
V  [jvm.dll+0x346369]
V  [jvm.dll+0x721e60]
V  [jvm.dll+0x3b500f]
V  [jvm.dll+0x3b7121]
C  [jli.dll+0x5207]
C  [ucrtbase.dll+0x21bb2]
C  [KERNEL32.DLL+0x17034]
C  [ntdll.dll+0x52651]


---------------  P R O C E S S  ---------------

Threads class SMR info:
_java_thread_list=0x0000014318c64540, length=0, elements={
}

Java Threads: ( => current thread )

Other Threads:
  0x000001431a7a8800 GCTaskThread "GC Thread#0" [stack: 0x0000003874d00000,0x0000003874e00000] [id=2764]
  0x000001431a7c3800 ConcurrentGCThread "G1 Main Marker" [stack: 0x0000003874e00000,0x0000003874f00000] [id=29460]
  0x000001431a7c5800 ConcurrentGCThread "G1 Conc#0" [stack: 0x0000003874f00000,0x0000003875000000] [id=28000]

[error occurred during error reporting (printing all threads), id 0xc0000005, EXCEPTION_ACCESS_VIOLATION (0xc0000005) at pc=0x00007ff857e4ecc7]

VM state:not at safepoint (not fully initialized)

VM Mutex/Monitor currently owned by a thread:  ([mutex/lock_event])
[0x000001431a78eba0] Heap_lock - owner thread: 0x000001431a794800

Heap address: 0x00000000c0000000, size: 1024 MB, Compressed Oops mode: Non-zero based: 0x00000000c0000000
Narrow klass base: 0x0000000000000000, Narrow klass shift: 0

GC Heap History (0 events):
No events

Deoptimization events (0 events):
No events

Classes redefined (0 events):
No events

Internal exceptions (0 events):
No events

Events (0 events):
No events


Dynamic libraries:
0x00007ff6f7690000 - 0x00007ff6f769f000 	C:\Program Files\Java\jdk-11.0.13\bin\java.exe
0x00007ff883230000 - 0x00007ff883428000 	C:\Windows\SYSTEM32\ntdll.dll
0x00007ff882400000 - 0x00007ff8824bd000 	C:\Windows\System32\KERNEL32.DLL
0x00007ff880fc0000 - 0x00007ff88128e000 	C:\Windows\System32\KERNELBASE.dll
0x00007ff880c90000 - 0x00007ff880d90000 	C:\Windows\System32\ucrtbase.dll
0x00007ff85b550000 - 0x00007ff85b568000 	C:\Program Files\Java\jdk-11.0.13\bin\jli.dll
0x00007ff882230000 - 0x00007ff8822de000 	C:\Windows\System32\ADVAPI32.dll
0x00007ff882a90000 - 0x00007ff882b2e000 	C:\Windows\System32\msvcrt.dll
0x00007ff882ff0000 - 0x00007ff88308c000 	C:\Windows\System32\sechost.dll
0x00007ff881290000 - 0x00007ff8813b5000 	C:\Windows\System32\RPCRT4.dll
0x00007ff8825a0000 - 0x00007ff882740000 	C:\Windows\System32\USER32.dll
0x00007ff880e30000 - 0x00007ff880e52000 	C:\Windows\System32\win32u.dll
0x00007ff882b30000 - 0x00007ff882b5a000 	C:\Windows\System32\GDI32.dll
0x00007ff880950000 - 0x00007ff880a5b000 	C:\Windows\System32\gdi32full.dll
0x00007ff880d90000 - 0x00007ff880e2d000 	C:\Windows\System32\msvcp_win.dll
0x00007ff85b530000 - 0x00007ff85b545000 	C:\Program Files\Java\jdk-11.0.13\bin\VCRUNTIME140.dll
0x00007ff8632f0000 - 0x00007ff86358a000 	C:\Windows\WinSxS\amd64_microsoft.windows.common-controls_6595b64144ccf1df_6.0.19041.1110_none_60b5254171f9507e\COMCTL32.dll
0x00007ff8745e0000 - 0x00007ff8745ea000 	C:\Windows\SYSTEM32\VERSION.dll
0x00007ff883090000 - 0x00007ff8830c0000 	C:\Windows\System32\IMM32.DLL
0x00007ff83e410000 - 0x00007ff83ea63000 	C:\Program Files\McAfee\DLP\Agent\fcagpph64.dll
0x00007ff8814a0000 - 0x00007ff881be4000 	C:\Windows\System32\SHELL32.dll
0x00007ff8830c0000 - 0x00007ff8831ea000 	C:\Windows\System32\ole32.dll
0x00007ff882c90000 - 0x00007ff882fe4000 	C:\Windows\System32\combase.dll
0x00007ff882880000 - 0x00007ff8828d5000 	C:\Windows\System32\SHLWAPI.dll
0x00007ff882810000 - 0x00007ff88287b000 	C:\Windows\System32\WS2_32.dll
0x00007ff882740000 - 0x00007ff88280d000 	C:\Windows\System32\OLEAUT32.dll
0x00007ff8643c0000 - 0x00007ff864458000 	C:\Windows\SYSTEM32\WINSPOOL.DRV
0x00007ff880840000 - 0x00007ff880872000 	C:\Windows\SYSTEM32\SspiCli.dll
0x00007ff87f560000 - 0x00007ff87f593000 	C:\Windows\SYSTEM32\ntmarta.dll
0x00007ff83df30000 - 0x00007ff83e40b000 	C:\Program Files\McAfee\DLP\Agent\fcagafa64.dll
0x00007ff83d8f0000 - 0x00007ff83df23000 	C:\Program Files\McAfee\DLP\Agent\fcagcbh64.dll
0x000001431a6c0000 - 0x000001431a6d4000 	C:\Windows\System32\umppc15406.dll
0x00007ff858740000 - 0x00007ff8587db000 	C:\Program Files\Java\jdk-11.0.13\bin\msvcp140.dll
0x00007ff857b70000 - 0x00007ff858683000 	C:\Program Files\Java\jdk-11.0.13\bin\server\jvm.dll
0x00007ff882530000 - 0x00007ff882538000 	C:\Windows\System32\PSAPI.DLL
0x00007ff864370000 - 0x00007ff864379000 	C:\Windows\SYSTEM32\WSOCK32.dll
0x00007ff864300000 - 0x00007ff864327000 	C:\Windows\SYSTEM32\WINMM.dll
0x00007ff87f190000 - 0x00007ff87f1a2000 	C:\Windows\SYSTEM32\kernel.appcore.dll
0x00007ff857970000 - 0x00007ff857980000 	C:\Program Files\Java\jdk-11.0.13\bin\verify.dll
0x00007ff87e7a0000 - 0x00007ff87e984000 	C:\Windows\SYSTEM32\DBGHELP.DLL
0x00007ff866720000 - 0x00007ff86674c000 	C:\Windows\SYSTEM32\dbgcore.DLL
0x00007ff880a60000 - 0x00007ff880ae2000 	C:\Windows\System32\bcryptPrimitives.dll
0x00007ff857910000 - 0x00007ff857938000 	C:\Program Files\Java\jdk-11.0.13\bin\java.dll
0x00007ff857900000 - 0x00007ff85790a000 	C:\Program Files\Java\jdk-11.0.13\bin\jimage.dll
0x00007ff8578c0000 - 0x00007ff8578d6000 	C:\Program Files\Java\jdk-11.0.13\bin\zip.dll

dbghelp: loaded successfully - version: 4.0.5 - missing functions: none
symbol engine: initialized successfully - sym options: 0x614 - pdb path: .;C:\Program Files\Java\jdk-11.0.13\bin;C:\Windows\SYSTEM32;C:\Windows\WinSxS\amd64_microsoft.windows.common-controls_6595b64144ccf1df_6.0.19041.1110_none_60b5254171f9507e;C:\Program Files\McAfee\DLP\Agent;C:\Program Files\Java\jdk-11.0.13\bin\server

VM Arguments:
jvm_args: --add-opens=java.desktop/sun.awt=ALL-UNNAMED --add-opens=java.desktop/sun.swing=ALL-UNNAMED --add-opens=java.desktop/javax.swing.text.html=ALL-UNNAMED --add-opens=java.desktop/java.awt=ALL-UNNAMED --add-opens=java.desktop/java.awt.font=ALL-UNNAMED --add-opens=java.base/java.lang=ALL-UNNAMED --add-opens=java.base/java.lang.invoke=ALL-UNNAMED --add-opens=java.base/java.lang.reflect=ALL-UNNAMED --add-opens=java.base/java.util=ALL-UNNAMED --add-opens=java.base/java.text=ALL-UNNAMED -XX:+HeapDumpOnOutOfMemoryError -Xms1g -Xmx1g -XX:MaxMetaspaceSize=256m -XX:+UseG1GC -XX:MaxGCPauseMillis=100 -XX:G1ReservePercent=20 -Djava.security.egd=file:/dev/urandom -Duser.language=en -Duser.region=EN 
java_command: ApacheJMeter.jar
java_class_path (initial): ApacheJMeter.jar
Launcher Type: SUN_STANDARD

[Global flags]
     intx CICompilerCount                          = 4                                         {product} {ergonomic}
   size_t CompressedClassSpaceSize                 = 260046848                                 {product} {ergonomic}
     uint ConcGCThreads                            = 2                                         {product} {ergonomic}
     uint G1ConcRefinementThreads                  = 8                                         {product} {ergonomic}
   size_t G1HeapRegionSize                         = 1048576                                   {product} {ergonomic}
    uintx G1ReservePercent                         = 20                                        {product} {command line}
    uintx GCDrainStackTargetSize                   = 64                                        {product} {ergonomic}
     bool HeapDumpOnOutOfMemoryError               = true                                   {manageable} {command line}
   size_t InitialHeapSize                          = 1073741824                                {product} {command line}
   size_t MarkStackSize                            = 4194304                                   {product} {ergonomic}
    uintx MaxGCPauseMillis                         = 100                                       {product} {command line}
   size_t MaxHeapSize                              = 1073741824                                {product} {command line}
   size_t MaxMetaspaceSize                         = 268435456                                 {product} {command line}
   size_t MinHeapDeltaBytes                        = 1048576                                   {product} {ergonomic}
    uintx NonNMethodCodeHeapSize                   = 5836300                                {pd product} {ergonomic}
    uintx NonProfiledCodeHeapSize                  = 122910970                              {pd product} {ergonomic}
    uintx ProfiledCodeHeapSize                     = 122910970                              {pd product} {ergonomic}
    uintx ReservedCodeCacheSize                    = 251658240                              {pd product} {ergonomic}
     bool SegmentedCodeCache                       = true                                      {product} {ergonomic}
     bool UseCompressedClassPointers               = true                                 {lp64_product} {ergonomic}
     bool UseCompressedOops                        = true                                 {lp64_product} {ergonomic}
     bool UseG1GC                                  = true                                      {product} {command line}
     bool UseLargePagesIndividualAllocation        = false                                  {pd product} {ergonomic}

Logging:
Log output configuration:
 #0: stdout all=warning uptime,level,tags
 #1: stderr all=off uptime,level,tags

Environment Variables:
PATH=C:\Program Files\Common Files\Oracle\Java\javapath;C:\Windows\system32;C:\Windows;C:\Windows\System32\Wbem;C:\Windows\System32\WindowsPowerShell\v1.0\;C:\Windows\System32\OpenSSH\;C:\ProgramData\chocolatey\bin;C:\Program Files\nodejs\;D:\IGS\apache-jmeter-5.4.3\bin;D:\IGS\apache-maven-3.8.5-bin\apache-maven-3.8.5\bin;C:\Program Files\Docker\Docker\resources\bin;C:\ProgramData\DockerDesktop\version-bin;C:\Program Files\PuTTY\;C:\Program Files (x86)\Bitvise SSH Client;c:\Program Files\Amazon\AWSCLIV2\aws.exe;C:\Program Files\Git\cmd;C:\Users\User\AppData\Local\Programs\Python\Python39\Scripts\;C:\Users\User\AppData\Local\Programs\Python\Python39\;C:\Users\User\AppData\Local\Programs\Python\Python310\Scripts\;C:\Users\User\AppData\Local\Programs\Python\Python310\;C:\Users\User\AppData\Local\Microsoft\WindowsApps;C:\Users\User\AppData\Roaming\npm;D:\IGS\apache-jmeter-5.4.3\bin;C:\Users\User\AppData\Local\Programs\Fiddler;c:\Program Files\Amazon\AWSCLIV2\aws.exe;C:\Users\User\AppData\Local\GitHubDesktop\bin
USERNAME=User
OS=Windows_NT
PROCESSOR_IDENTIFIER=Intel64 Family 6 Model 140 Stepping 1, GenuineIntel



---------------  S Y S T E M  ---------------

OS: Windows 10 , 64 bit Build 19041 (10.0.19041.1889)
Hyper-V role detected

CPU:total 8 (initial active 8) (4 cores per cpu, 2 threads per core) family 6 model 140 stepping 1 microcode 0x86, cmov, cx8, fxsr, mmx, sse, sse2, sse3, ssse3, sse4.1, sse4.2, popcnt, avx, avx2, aes, clmul, erms, 3dnowpref, lzcnt, ht, tsc, tscinvbit, bmi1, bmi2, adx, evex, sha, fma

Memory: 4k page, system-wide physical 16038M (3306M free)
TotalPageFile size 16038M (AvailPageFile size 928M)
current process WorkingSet (physical memory assigned to process): 16M, peak: 16M
current process commit charge ("private bytes"): 70M, peak: 1094M

vm_info: Java HotSpot(TM) 64-Bit Server VM (11.0.13+10-LTS-370) for windows-amd64 JRE (11.0.13+10-LTS-370), built on Sep 15 2021 22:10:36 by "mach5one" with MS VC++ 15.9 (VS2017)

END.
