2022-08-29 11:46:13,678 INFO o.a.j.u.JMeterUtils: Setting Locale to en_US
2022-08-29 11:46:13,706 INFO o.a.j.JMeter: Loading user properties from: user.properties
2022-08-29 11:46:13,707 INFO o.a.j.JMeter: Loading system properties from: system.properties
2022-08-29 11:46:13,707 INFO o.a.j.JMeter: Loading additional properties from: D:\IGS\apache-jmeter-5.4.3\bin\user.properties
2022-08-29 11:46:13,715 INFO o.a.j.JMeter: Copyright (c) 1998-2021 The Apache Software Foundation
2022-08-29 11:46:13,715 INFO o.a.j.JMeter: Version 5.4.3
2022-08-29 11:46:13,715 INFO o.a.j.JMeter: java.version=11.0.13
2022-08-29 11:46:13,715 INFO o.a.j.JMeter: java.vm.name=Java HotSpot(TM) 64-Bit Server VM
2022-08-29 11:46:13,715 INFO o.a.j.JMeter: os.name=Windows 10
2022-08-29 11:46:13,715 INFO o.a.j.JMeter: os.arch=amd64
2022-08-29 11:46:13,715 INFO o.a.j.JMeter: os.version=10.0
2022-08-29 11:46:13,715 INFO o.a.j.JMeter: file.encoding=Cp1252
2022-08-29 11:46:13,715 INFO o.a.j.JMeter: java.awt.headless=true
2022-08-29 11:46:13,715 INFO o.a.j.JMeter: Max memory     =4204789760
2022-08-29 11:46:13,715 INFO o.a.j.JMeter: Available Processors =8
2022-08-29 11:46:13,723 INFO o.a.j.JMeter: Default Locale=English (United States)
2022-08-29 11:46:13,723 INFO o.a.j.JMeter: JMeter  Locale=English (United States)
2022-08-29 11:46:13,723 INFO o.a.j.JMeter: JMeterHome=D:\IGS\apache-jmeter-5.4.3
2022-08-29 11:46:13,723 INFO o.a.j.JMeter: user.dir  =D:\IGS\apache-jmeter-5.4.3\bin
2022-08-29 11:46:13,724 INFO o.a.j.JMeter: PWD       =D:\IGS\apache-jmeter-5.4.3\bin
2022-08-29 11:46:13,725 INFO o.a.j.JMeter: IP: 192.168.0.104 Name: UBVPNN4834 FullName: UBVPNN4834.core.unionbank.com
2022-08-29 11:46:13,731 INFO o.a.j.JMeter: Setting property 'jmeter.reportgenerator.outputdir' to:'D:\IGS\Collebra\UBP\Result\50U_260822'
2022-08-29 11:46:13,736 INFO o.a.j.r.d.ReportGenerator: ReportGenerator will use for Parsing the separator: ','
2022-08-29 11:46:13,737 INFO o.a.j.r.d.ReportGenerator: Will only generate report from results file: C:\Users\User\Downloads\UBP_AccountCreation_50User_Test02_260822_1545.jtl
2022-08-29 11:46:13,737 INFO o.a.j.r.d.ReportGenerator: Reading report generator properties from: D:\IGS\apache-jmeter-5.4.3\bin\reportgenerator.properties
2022-08-29 11:46:13,739 INFO o.a.j.r.d.ReportGenerator: Merging with JMeter properties
2022-08-29 11:46:13,744 INFO o.a.j.r.c.ReportGeneratorConfiguration: Property 'jmeter.reportgenerator.temp_dir' not found, using default value 'temp' instead.
2022-08-29 11:46:13,748 INFO o.a.j.r.c.ReportGeneratorConfiguration: Property 'jmeter.reportgenerator.apdex_per_transaction' not found, using default value 'null' instead.
2022-08-29 11:46:13,758 INFO o.a.j.r.c.ReportGeneratorConfiguration: apdex_per_transaction is empty, not APDEX per transaction customization
2022-08-29 11:46:13,759 INFO o.a.j.r.c.ReportGeneratorConfiguration: Property 'jmeter.reportgenerator.sample_filter' not found, using default value 'null' instead.
2022-08-29 11:46:13,759 INFO o.a.j.r.c.ReportGeneratorConfiguration: Property 'jmeter.reportgenerator.report_title' not found, using default value 'null' instead.
2022-08-29 11:46:13,759 INFO o.a.j.r.c.ReportGeneratorConfiguration: Property 'jmeter.reportgenerator.start_date' not found, using default value 'null' instead.
2022-08-29 11:46:13,759 INFO o.a.j.r.c.ReportGeneratorConfiguration: Property 'jmeter.reportgenerator.end_date' not found, using default value 'null' instead.
2022-08-29 11:46:13,759 INFO o.a.j.r.c.ReportGeneratorConfiguration: Property 'jmeter.reportgenerator.date_format' not found, using default value 'null' instead.
2022-08-29 11:46:13,766 INFO o.a.j.r.c.ReportGeneratorConfiguration: Will use date range start date: null, end date: null
2022-08-29 11:46:13,773 INFO o.a.j.r.c.ReportGeneratorConfiguration: Property 'jmeter.reportgenerator.graph.totalTPS.exclude_controllers' not found, using default value 'false' instead.
2022-08-29 11:46:13,773 INFO o.a.j.r.c.ReportGeneratorConfiguration: Property 'jmeter.reportgenerator.graph.activeThreadsOverTime.exclude_controllers' not found, using default value 'false' instead.
2022-08-29 11:46:13,773 INFO o.a.j.r.c.ReportGeneratorConfiguration: Property 'jmeter.reportgenerator.graph.timeVsThreads.exclude_controllers' not found, using default value 'false' instead.
2022-08-29 11:46:13,774 INFO o.a.j.r.c.ReportGeneratorConfiguration: Property 'jmeter.reportgenerator.graph.responseTimeDistribution.exclude_controllers' not found, using default value 'false' instead.
2022-08-29 11:46:13,774 INFO o.a.j.r.c.ReportGeneratorConfiguration: Property 'jmeter.reportgenerator.graph.transactionsPerSecond.exclude_controllers' not found, using default value 'false' instead.
2022-08-29 11:46:13,774 INFO o.a.j.r.c.ReportGeneratorConfiguration: Property 'jmeter.reportgenerator.graph.responseTimePercentiles.exclude_controllers' not found, using default value 'false' instead.
2022-08-29 11:46:13,774 INFO o.a.j.r.c.ReportGeneratorConfiguration: Property 'jmeter.reportgenerator.graph.responseTimePercentilesOverTime.exclude_controllers' not found, using default value 'false' instead.
2022-08-29 11:46:13,774 INFO o.a.j.r.c.ReportGeneratorConfiguration: Property 'jmeter.reportgenerator.graph.responseTimesOverTime.exclude_controllers' not found, using default value 'false' instead.
2022-08-29 11:46:13,774 INFO o.a.j.r.c.ReportGeneratorConfiguration: Property 'jmeter.reportgenerator.graph.connectTimeOverTime.exclude_controllers' not found, using default value 'false' instead.
2022-08-29 11:46:13,774 INFO o.a.j.r.c.ReportGeneratorConfiguration: Property 'jmeter.reportgenerator.graph.latenciesOverTime.exclude_controllers' not found, using default value 'false' instead.
2022-08-29 11:46:13,776 INFO o.a.j.r.c.ReportGeneratorConfiguration: Property 'jmeter.reportgenerator.exporter.json.filters_only_sample_series' not found, using default value 'true' instead.
2022-08-29 11:46:13,776 INFO o.a.j.r.c.ReportGeneratorConfiguration: Property 'jmeter.reportgenerator.exporter.json.series_filter' not found, using default value '' instead.
2022-08-29 11:46:13,776 INFO o.a.j.r.c.ReportGeneratorConfiguration: Property 'jmeter.reportgenerator.exporter.json.show_controllers_only' not found, using default value 'false' instead.
2022-08-29 11:46:13,776 INFO o.a.j.r.c.ReportGeneratorConfiguration: Property 'jmeter.reportgenerator.exporter.html.filters_only_sample_series' not found, using default value 'true' instead.
2022-08-29 11:46:13,776 INFO o.a.j.r.c.ReportGeneratorConfiguration: Property 'jmeter.reportgenerator.exporter.html.series_filter' not found, using default value '' instead.
2022-08-29 11:46:13,776 INFO o.a.j.r.c.ReportGeneratorConfiguration: Property 'jmeter.reportgenerator.exporter.html.show_controllers_only' not found, using default value 'false' instead.
2022-08-29 11:46:14,140 INFO o.a.j.s.SaveService: Testplan (JMX) version: 2.2. Testlog (JTL) version: 2.2
2022-08-29 11:46:14,162 INFO o.a.j.s.SaveService: Using SaveService properties version 5.0
2022-08-29 11:46:14,169 INFO o.a.j.s.SaveService: Using SaveService properties file encoding UTF-8
2022-08-29 11:46:14,206 INFO o.a.j.r.p.NormalizerSampleConsumer: Using format, 'ms', to parse timeStamp field
2022-08-29 11:46:18,331 INFO o.a.j.r.p.AbstractSampleConsumer: class org.apache.jmeter.report.processor.AggregateConsumer#stopProducing(): beginDate produced 0 samples
2022-08-29 11:46:18,331 INFO o.a.j.r.p.AbstractSampleConsumer: class org.apache.jmeter.report.processor.AggregateConsumer#stopProducing(): endDate produced 0 samples
2022-08-29 11:46:18,338 INFO o.a.j.r.p.AbstractSampleConsumer: class org.apache.jmeter.report.processor.ApdexSummaryConsumer#stopProducing(): apdexSummary produced 0 samples
2022-08-29 11:46:18,339 INFO o.a.j.r.p.AbstractSampleConsumer: class org.apache.jmeter.report.processor.RequestsSummaryConsumer#stopProducing(): requestsSummary produced 0 samples
2022-08-29 11:46:18,386 INFO o.a.j.r.p.AbstractSampleConsumer: class org.apache.jmeter.report.processor.StatisticsSummaryConsumer#stopProducing(): statisticsSummary produced 0 samples
2022-08-29 11:46:18,398 INFO o.a.j.r.p.AbstractSampleConsumer: class org.apache.jmeter.report.processor.Top5ErrorsBySamplerConsumer#stopProducing(): top5ErrorsBySampler produced 0 samples
2022-08-29 11:46:18,398 INFO o.a.j.r.p.AbstractSampleConsumer: class org.apache.jmeter.report.processor.ErrorsSummaryConsumer#stopProducing(): errorsSummary produced 0 samples
2022-08-29 11:46:18,399 INFO o.a.j.r.p.AbstractSampleConsumer: class org.apache.jmeter.report.processor.graph.impl.HitsPerSecondGraphConsumer#stopProducing(): hitsPerSecond produced 0 samples
2022-08-29 11:46:18,875 INFO o.a.j.r.p.AbstractSampleConsumer: class org.apache.jmeter.report.processor.graph.impl.LatencyVSRequestGraphConsumer#stopProducing(): latencyVsRequest produced 0 samples
2022-08-29 11:46:18,880 INFO o.a.j.r.p.AbstractSampleConsumer: class org.apache.jmeter.report.processor.graph.impl.SyntheticResponseTimeDistributionGraphConsumer#stopProducing(): syntheticResponseTimeDistribution produced 0 samples
2022-08-29 11:46:18,881 INFO o.a.j.r.p.AbstractSampleConsumer: class org.apache.jmeter.report.processor.graph.impl.BytesThroughputGraphConsumer#stopProducing(): bytesThroughputOverTime produced 0 samples
2022-08-29 11:46:18,882 INFO o.a.j.r.p.AbstractSampleConsumer: class org.apache.jmeter.report.processor.graph.impl.CodesPerSecondGraphConsumer#stopProducing(): codesPerSecond produced 0 samples
2022-08-29 11:46:19,284 INFO o.a.j.r.p.AbstractSampleConsumer: class org.apache.jmeter.report.processor.graph.impl.ResponseTimeVSRequestGraphConsumer#stopProducing(): responseTimeVsRequest produced 0 samples
2022-08-29 11:46:19,287 INFO o.a.j.r.p.AbstractSampleConsumer: class org.apache.jmeter.report.processor.FilterConsumer#stopProducing(): startIntervalControlerFilter produced 154133 samples
2022-08-29 11:46:19,287 INFO o.a.j.r.p.AbstractSampleConsumer: class org.apache.jmeter.report.processor.graph.impl.TotalTPSGraphConsumer#stopProducing(): totalTPS produced 0 samples
2022-08-29 11:46:19,287 INFO o.a.j.r.p.AbstractSampleConsumer: class org.apache.jmeter.report.processor.graph.impl.ActiveThreadsGraphConsumer#stopProducing(): activeThreadsOverTime produced 0 samples
2022-08-29 11:46:19,291 INFO o.a.j.r.p.AbstractSampleConsumer: class org.apache.jmeter.report.processor.graph.impl.TimeVSThreadGraphConsumer#stopProducing(): timeVsThreads produced 0 samples
2022-08-29 11:46:19,298 INFO o.a.j.r.p.AbstractSampleConsumer: class org.apache.jmeter.report.processor.graph.impl.ResponseTimeDistributionGraphConsumer#stopProducing(): responseTimeDistribution produced 0 samples
2022-08-29 11:46:19,303 INFO o.a.j.r.p.AbstractSampleConsumer: class org.apache.jmeter.report.processor.graph.impl.TransactionsPerSecondGraphConsumer#stopProducing(): transactionsPerSecond produced 0 samples
2022-08-29 11:46:19,311 INFO o.a.j.r.p.AbstractSampleConsumer: class org.apache.jmeter.report.processor.graph.impl.ResponseTimePercentilesGraphConsumer#stopProducing(): responseTimePercentiles produced 0 samples
2022-08-29 11:46:19,361 INFO o.a.j.r.p.AbstractSampleConsumer: class org.apache.jmeter.report.processor.graph.impl.ResponseTimePercentilesOverTimeGraphConsumer#stopProducing(): responseTimePercentilesOverTime produced 0 samples
2022-08-29 11:46:19,369 INFO o.a.j.r.p.AbstractSampleConsumer: class org.apache.jmeter.report.processor.graph.impl.ResponseTimeOverTimeGraphConsumer#stopProducing(): responseTimesOverTime produced 0 samples
2022-08-29 11:46:19,371 INFO o.a.j.r.p.AbstractSampleConsumer: class org.apache.jmeter.report.processor.graph.impl.ConnectTimeOverTimeGraphConsumer#stopProducing(): connectTimeOverTime produced 0 samples
2022-08-29 11:46:19,374 INFO o.a.j.r.p.AbstractSampleConsumer: class org.apache.jmeter.report.processor.graph.impl.LatencyOverTimeGraphConsumer#stopProducing(): latenciesOverTime produced 0 samples
2022-08-29 11:46:19,376 INFO o.a.j.r.p.AbstractSampleConsumer: class org.apache.jmeter.report.processor.FilterConsumer#stopProducing(): nameFilter produced 409485 samples
2022-08-29 11:46:19,376 INFO o.a.j.r.p.AbstractSampleConsumer: class org.apache.jmeter.report.processor.FilterConsumer#stopProducing(): dateRangeFilter produced 81897 samples
2022-08-29 11:46:19,376 INFO o.a.j.r.p.AbstractSampleConsumer: class org.apache.jmeter.report.processor.NormalizerSampleConsumer#stopProducing(): normalizer produced 27299 samples
2022-08-29 11:46:19,378 INFO o.a.j.r.p.CsvFileSampleSource: produce(): 27299 samples produced in 5s 142 ms on channel 0
2022-08-29 11:46:19,378 INFO o.a.j.r.d.ReportGenerator: Exporting data using exporter:'json' of className:'org.apache.jmeter.report.dashboard.JsonExporter'
2022-08-29 11:46:19,735 INFO o.a.j.r.d.JsonExporter: Found data for consumer statisticsSummary in context
2022-08-29 11:46:19,735 INFO o.a.j.r.d.JsonExporter: Creating statistics for overall
2022-08-29 11:46:19,737 INFO o.a.j.r.d.JsonExporter: Creating statistics for other transactions
2022-08-29 11:46:19,739 INFO o.a.j.r.d.JsonExporter: Checking output folder
2022-08-29 11:46:19,740 INFO o.a.j.r.d.JsonExporter: Writing statistics JSON to D:\IGS\Collebra\UBP\Result\50U_260822\statistics.json
2022-08-29 11:46:19,875 INFO o.a.j.r.d.ReportGenerator: Exporting data using exporter:'html' of className:'org.apache.jmeter.report.dashboard.HtmlTemplateExporter'
2022-08-29 11:46:19,881 INFO o.a.j.r.d.HtmlTemplateExporter: Will generate dashboard in folder: D:\IGS\Collebra\UBP\Result\50U_260822
2022-08-29 11:46:20,319 INFO o.a.j.r.d.HtmlTemplateExporter: Report will be generated in: D:\IGS\Collebra\UBP\Result\50U_260822, creating folder structure
2022-08-29 11:46:20,330 INFO o.a.j.r.d.TemplateVisitor: Copying folder from 'D:\IGS\apache-jmeter-5.4.3\bin\report-template' to 'D:\IGS\Collebra\UBP\Result\50U_260822', got message: D:\IGS\Collebra\UBP\Result\50U_260822, found non empty folder with following content [D:\IGS\Collebra\UBP\Result\50U_260822\statistics.json], will be ignored
